2025-02-16 at 17:25:56 | INFO | 10
2025-02-16 at 17:28: | INFO | 10
2025-02-16 at 17:55: | INFO | Страница по адресу https://www.52shuku.vip/yanqing/am/h2QX.html доступна
2025-02-16 at 18:33: | INFO | Страница по адресу https://www.52shuku.vip/yanqing/am/h2QX.html доступна
2025-02-16 at 18:38: | INFO | Страница по адресу https://www.52shuku.vip/yanqing/am/h2QX.html доступна
2025-02-16 at 19:11: | INFO | Страница по адресу https://www.52shuku.vip/yanqing/am/h2QX.html доступна
2025-02-16 at 19:17: | INFO | Страница по адресу https://www.52shuku.vip/yanqing/am/h2QX.html доступна
2025-02-16 at 19:21: | INFO | Страница по адресу https://www.52shuku.vip/yanqing/am/h2QX.html доступна
2025-02-16 at 19:51: | INFO | Страница по адресу https://www.52shuku.vip/yanqing/am/h2QX.html доступна
2025-02-16 at 19:53: | INFO | Страница по адресу https://www.52shuku.vip/yanqing/am/h2QX.html доступна
2025-02-16 at 20:01: | INFO | Страница по адресу https://www.52shuku.vip/yanqing/am/h2QX.html доступна
2025-02-16 at 20:01: | INFO | Страница по адресу https://www.52shuku.vip/yanqing/am/h2QX_2.html доступна
2025-02-16 at 20:03: | INFO | Страница по адресу https://www.52shuku.vip/yanqing/am/h2QX.html доступна
2025-02-16 at 20:03: | INFO | Страница по адресу https://www.52shuku.vip/yanqing/am/h2QX_2.html доступна
2025-02-16 at 20:03: | INFO | Страница по адресу https://www.52shuku.vip/yanqing/am/h2QX_3.html доступна
2025-02-16 at 20:03: | INFO | Страница по адресу https://www.52shuku.vip/yanqing/am/h2QX_4.html доступна
2025-02-16 at 20:03: | INFO | Страница по адресу https://www.52shuku.vip/yanqing/am/h2QX_5.html доступна
2025-02-16 at 20:03: | INFO | Страница по адресу https://www.52shuku.vip/yanqing/am/h2QX_6.html доступна
2025-02-16 at 20:03: | INFO | Страница по адресу https://www.52shuku.vip/yanqing/am/h2QX_7.html доступна
2025-02-16 at 20:03: | INFO | Страница по адресу https://www.52shuku.vip/yanqing/am/h2QX_8.html доступна
2025-02-16 at 20:03: | INFO | Страница по адресу https://www.52shuku.vip/yanqing/am/h2QX_9.html доступна
2025-02-16 at 20:03: | INFO | Страница по адресу https://www.52shuku.vip/yanqing/am/h2QX_10.html доступна
2025-02-16 at 20:12: | INFO | Страница по адресу https://www.52shuku.vip/yanqing/am/h2QX.html доступна
2025-02-16 at 20:12: | INFO | Страница по адресу https://www.52shuku.vip/yanqing/am/h2QX_2.html доступна
2025-02-16 at 20:12: | INFO | Страница по адресу https://www.52shuku.vip/yanqing/am/h2QX_3.html доступна
2025-02-16 at 20:12: | INFO | Страница по адресу https://www.52shuku.vip/yanqing/am/h2QX_4.html доступна
2025-02-16 at 20:12: | INFO | Страница по адресу https://www.52shuku.vip/yanqing/am/h2QX_5.html доступна
2025-02-16 at 20:12: | INFO | Страница по адресу https://www.52shuku.vip/yanqing/am/h2QX_6.html доступна
2025-02-16 at 20:12: | INFO | Страница по адресу https://www.52shuku.vip/yanqing/am/h2QX_7.html доступна
2025-02-16 at 20:12: | INFO | Страница по адресу https://www.52shuku.vip/yanqing/am/h2QX_8.html доступна
2025-02-16 at 20:12: | INFO | Страница по адресу https://www.52shuku.vip/yanqing/am/h2QX_9.html доступна
2025-02-16 at 20:12: | INFO | Страница по адресу https://www.52shuku.vip/yanqing/am/h2QX_10.html доступна
2025-02-16 at 20:12: | INFO | Страница по адресу https://www.52shuku.vip/yanqing/am/h2QX_11.html доступна
2025-02-16 at 20:12: | INFO | Страница по адресу https://www.52shuku.vip/yanqing/am/h2QX_12.html доступна
2025-02-16 at 20:12: | INFO | Страница по адресу https://www.52shuku.vip/yanqing/am/h2QX_13.html доступна
2025-02-16 at 20:12: | INFO | Страница по адресу https://www.52shuku.vip/yanqing/am/h2QX_14.html доступна
2025-02-16 at 20:12: | INFO | Страница по адресу https://www.52shuku.vip/yanqing/am/h2QX_15.html доступна
2025-02-16 at 20:12: | INFO | Страница по адресу https://www.52shuku.vip/yanqing/am/h2QX_16.html доступна
2025-02-16 at 20:12: | INFO | Страница по адресу https://www.52shuku.vip/yanqing/am/h2QX_17.html доступна
2025-02-16 at 20:12: | INFO | Страница по адресу https://www.52shuku.vip/yanqing/am/h2QX_18.html доступна
2025-02-16 at 20:12: | INFO | Страница по адресу https://www.52shuku.vip/yanqing/am/h2QX_19.html доступна
2025-02-16 at 20:12: | INFO | Страница по адресу https://www.52shuku.vip/yanqing/am/h2QX_20.html доступна
2025-02-16 at 20:12: | INFO | Страница по адресу https://www.52shuku.vip/yanqing/am/h2QX_21.html доступна
2025-02-16 at 20:12: | INFO | Страница по адресу https://www.52shuku.vip/yanqing/am/h2QX_22.html доступна
2025-02-16 at 20:12: | INFO | Страница по адресу https://www.52shuku.vip/yanqing/am/h2QX_23.html доступна
2025-02-16 at 20:12: | INFO | Страница по адресу https://www.52shuku.vip/yanqing/am/h2QX_24.html доступна
2025-02-16 at 20:12: | INFO | Страница по адресу https://www.52shuku.vip/yanqing/am/h2QX_25.html доступна
2025-02-16 at 20:12: | INFO | Страница по адресу https://www.52shuku.vip/yanqing/am/h2QX_26.html доступна
2025-02-16 at 20:12: | INFO | Страница по адресу https://www.52shuku.vip/yanqing/am/h2QX_27.html доступна
2025-02-16 at 20:12: | INFO | Страница по адресу https://www.52shuku.vip/yanqing/am/h2QX_28.html доступна
2025-02-16 at 20:12: | INFO | Страница по адресу https://www.52shuku.vip/yanqing/am/h2QX_29.html доступна
2025-02-16 at 20:12: | INFO | Страница по адресу https://www.52shuku.vip/yanqing/am/h2QX_30.html доступна
2025-02-16 at 20:12: | INFO | Страница по адресу https://www.52shuku.vip/yanqing/am/h2QX_31.html доступна
2025-02-16 at 20:12: | INFO | Страница по адресу https://www.52shuku.vip/yanqing/am/h2QX_32.html доступна
2025-02-16 at 20:12: | INFO | Страница по адресу https://www.52shuku.vip/yanqing/am/h2QX_33.html доступна
2025-02-16 at 20:12: | INFO | Страница по адресу https://www.52shuku.vip/yanqing/am/h2QX_34.html доступна
2025-02-16 at 20:12: | INFO | Страница по адресу https://www.52shuku.vip/yanqing/am/h2QX_35.html доступна
2025-02-16 at 20:12: | INFO | Страница по адресу https://www.52shuku.vip/yanqing/am/h2QX_36.html доступна
2025-02-16 at 20:12: | INFO | Страница по адресу https://www.52shuku.vip/yanqing/am/h2QX_37.html доступна
2025-02-16 at 20:12: | INFO | Страница по адресу https://www.52shuku.vip/yanqing/am/h2QX_38.html доступна
2025-02-16 at 20:12: | INFO | Страница по адресу https://www.52shuku.vip/yanqing/am/h2QX_39.html доступна
2025-02-16 at 20:12: | INFO | Страница по адресу https://www.52shuku.vip/yanqing/am/h2QX_40.html доступна
2025-02-16 at 20:12: | INFO | Страница по адресу https://www.52shuku.vip/yanqing/am/h2QX_41.html доступна
2025-02-16 at 20:12: | INFO | Страница по адресу https://www.52shuku.vip/yanqing/am/h2QX_42.html доступна
2025-02-16 at 20:12: | INFO | Страница по адресу https://www.52shuku.vip/yanqing/am/h2QX_43.html доступна
2025-02-16 at 20:12: | INFO | Страница по адресу https://www.52shuku.vip/yanqing/am/h2QX_44.html доступна
2025-02-16 at 20:12: | INFO | Страница по адресу https://www.52shuku.vip/yanqing/am/h2QX_45.html доступна
2025-02-16 at 20:12: | INFO | Страница по адресу https://www.52shuku.vip/yanqing/am/h2QX_46.html доступна
2025-02-16 at 20:12: | INFO | Страница по адресу https://www.52shuku.vip/yanqing/am/h2QX_47.html доступна
2025-02-16 at 20:12: | INFO | Страница по адресу https://www.52shuku.vip/yanqing/am/h2QX_48.html доступна
2025-02-16 at 20:12: | INFO | Страница по адресу https://www.52shuku.vip/yanqing/am/h2QX_49.html доступна
2025-02-16 at 20:12: | INFO | Страница по адресу https://www.52shuku.vip/yanqing/am/h2QX_50.html доступна
2025-02-16 at 20:12: | INFO | Страница по адресу https://www.52shuku.vip/yanqing/am/h2QX_51.html доступна
2025-02-16 at 20:12: | INFO | Страница по адресу https://www.52shuku.vip/yanqing/am/h2QX_52.html доступна
2025-02-16 at 20:12: | INFO | Страница по адресу https://www.52shuku.vip/yanqing/am/h2QX_53.html доступна
2025-02-16 at 20:12: | INFO | Страница по адресу https://www.52shuku.vip/yanqing/am/h2QX_54.html доступна
2025-02-16 at 20:12: | INFO | Страница по адресу https://www.52shuku.vip/yanqing/am/h2QX_55.html доступна
2025-02-16 at 20:12: | INFO | Страница по адресу https://www.52shuku.vip/yanqing/am/h2QX_56.html доступна
2025-02-16 at 20:12: | INFO | Страница по адресу https://www.52shuku.vip/yanqing/am/h2QX_57.html доступна
2025-02-16 at 20:12: | INFO | Страница по адресу https://www.52shuku.vip/yanqing/am/h2QX_58.html доступна
2025-02-16 at 20:12: | INFO | Страница по адресу https://www.52shuku.vip/yanqing/am/h2QX_59.html доступна
2025-02-16 at 20:12: | INFO | Страница по адресу https://www.52shuku.vip/yanqing/am/h2QX_60.html доступна
2025-02-16 at 20:12: | INFO | Страница по адресу https://www.52shuku.vip/yanqing/am/h2QX_61.html доступна
2025-02-16 at 20:12: | INFO | Страница по адресу https://www.52shuku.vip/yanqing/am/h2QX_62.html доступна
2025-02-16 at 20:12: | INFO | Страница по адресу https://www.52shuku.vip/yanqing/am/h2QX_63.html доступна
2025-02-16 at 20:12: | INFO | Страница по адресу https://www.52shuku.vip/yanqing/am/h2QX_64.html доступна
2025-02-16 at 20:12: | INFO | Страница по адресу https://www.52shuku.vip/yanqing/am/h2QX_65.html доступна
2025-02-16 at 20:12: | INFO | Страница по адресу https://www.52shuku.vip/yanqing/am/h2QX_66.html доступна
2025-02-16 at 20:12: | INFO | Страница по адресу https://www.52shuku.vip/yanqing/am/h2QX_67.html доступна
2025-02-16 at 20:12: | INFO | Страница по адресу https://www.52shuku.vip/yanqing/am/h2QX_68.html доступна
2025-02-16 at 20:12: | INFO | Страница по адресу https://www.52shuku.vip/yanqing/am/h2QX_69.html доступна
2025-02-16 at 20:12: | INFO | Страница по адресу https://www.52shuku.vip/yanqing/am/h2QX_70.html доступна
2025-02-16 at 20:12: | INFO | Страница по адресу https://www.52shuku.vip/yanqing/am/h2QX_71.html доступна
2025-02-16 at 20:12: | INFO | Страница по адресу https://www.52shuku.vip/yanqing/am/h2QX_72.html доступна
2025-02-16 at 20:12: | INFO | Страница по адресу https://www.52shuku.vip/yanqing/am/h2QX_73.html доступна
2025-02-16 at 20:12: | INFO | Страница по адресу https://www.52shuku.vip/yanqing/am/h2QX_74.html доступна
2025-02-16 at 20:12: | INFO | Страница по адресу https://www.52shuku.vip/yanqing/am/h2QX_75.html доступна
2025-02-16 at 20:12: | INFO | Страница по адресу https://www.52shuku.vip/yanqing/am/h2QX_76.html доступна
2025-02-16 at 20:12: | INFO | Страница по адресу https://www.52shuku.vip/yanqing/am/h2QX_77.html доступна
2025-02-16 at 20:12: | INFO | Страница по адресу https://www.52shuku.vip/yanqing/am/h2QX_78.html доступна
2025-02-16 at 20:12: | INFO | Страница по адресу https://www.52shuku.vip/yanqing/am/h2QX_79.html доступна
2025-02-16 at 20:12: | INFO | Страница по адресу https://www.52shuku.vip/yanqing/am/h2QX_80.html доступна
2025-02-16 at 20:12: | INFO | Страница по адресу https://www.52shuku.vip/yanqing/am/h2QX_81.html доступна
2025-02-16 at 20:12: | INFO | Страница по адресу https://www.52shuku.vip/yanqing/am/h2QX_82.html доступна
2025-02-16 at 20:12: | INFO | Страница по адресу https://www.52shuku.vip/yanqing/am/h2QX_83.html доступна
2025-02-16 at 20:12: | INFO | Страница по адресу https://www.52shuku.vip/yanqing/am/h2QX_84.html доступна
2025-02-16 at 20:12: | INFO | Страница по адресу https://www.52shuku.vip/yanqing/am/h2QX_85.html доступна
2025-02-16 at 20:12: | INFO | Страница по адресу https://www.52shuku.vip/yanqing/am/h2QX_86.html доступна
2025-02-16 at 20:12: | INFO | Страница по адресу https://www.52shuku.vip/yanqing/am/h2QX_87.html доступна
2025-02-16 at 20:12: | INFO | Страница по адресу https://www.52shuku.vip/yanqing/am/h2QX_88.html доступна
2025-02-16 at 20:12: | INFO | Страница по адресу https://www.52shuku.vip/yanqing/am/h2QX_89.html доступна
2025-02-16 at 20:12: | INFO | Страница по адресу https://www.52shuku.vip/yanqing/am/h2QX_90.html доступна
2025-02-16 at 20:12: | INFO | Страница по адресу https://www.52shuku.vip/yanqing/am/h2QX_91.html доступна
2025-02-16 at 20:12: | INFO | Страница по адресу https://www.52shuku.vip/yanqing/am/h2QX_92.html доступна
2025-02-16 at 20:12: | INFO | Страница по адресу https://www.52shuku.vip/yanqing/am/h2QX_93.html доступна
2025-02-16 at 20:12: | INFO | Страница по адресу https://www.52shuku.vip/yanqing/am/h2QX_94.html доступна
2025-02-16 at 20:12: | INFO | Страница по адресу https://www.52shuku.vip/yanqing/am/h2QX_95.html доступна
2025-02-16 at 20:12: | INFO | Страница по адресу https://www.52shuku.vip/yanqing/am/h2QX_96.html доступна
2025-02-16 at 20:12: | INFO | Страница по адресу https://www.52shuku.vip/yanqing/am/h2QX_97.html доступна
2025-02-16 at 20:12: | INFO | Страница по адресу https://www.52shuku.vip/yanqing/am/h2QX_98.html доступна
2025-02-16 at 20:12: | INFO | Страница по адресу https://www.52shuku.vip/yanqing/am/h2QX_99.html доступна
2025-02-16 at 20:12: | INFO | Страница по адресу https://www.52shuku.vip/yanqing/am/h2QX_100.html доступна
2025-02-16 at 20:12: | INFO | Страница по адресу https://www.52shuku.vip/yanqing/am/h2QX_101.html доступна
2025-02-16 at 20:12: | INFO | Страница по адресу https://www.52shuku.vip/yanqing/am/h2QX_102.html доступна
2025-02-16 at 20:12: | INFO | Страница по адресу https://www.52shuku.vip/yanqing/am/h2QX_103.html доступна
2025-02-16 at 20:12: | INFO | Страница по адресу https://www.52shuku.vip/yanqing/am/h2QX_104.html доступна
2025-02-16 at 20:12: | INFO | Страница по адресу https://www.52shuku.vip/yanqing/am/h2QX_105.html доступна
2025-02-16 at 20:12: | INFO | Страница по адресу https://www.52shuku.vip/yanqing/am/h2QX_106.html доступна
2025-02-16 at 20:12: | INFO | Страница по адресу https://www.52shuku.vip/yanqing/am/h2QX_107.html доступна
2025-02-16 at 20:12: | INFO | Страница по адресу https://www.52shuku.vip/yanqing/am/h2QX_108.html доступна
2025-02-16 at 20:12: | INFO | Страница по адресу https://www.52shuku.vip/yanqing/am/h2QX_109.html доступна
2025-02-16 at 20:12: | INFO | Страница по адресу https://www.52shuku.vip/yanqing/am/h2QX_110.html доступна
2025-02-16 at 20:12: | INFO | Страница по адресу https://www.52shuku.vip/yanqing/am/h2QX_111.html доступна
2025-02-16 at 20:12: | INFO | Страница по адресу https://www.52shuku.vip/yanqing/am/h2QX_112.html доступна
2025-02-16 at 20:12: | INFO | Страница по адресу https://www.52shuku.vip/yanqing/am/h2QX_113.html доступна
2025-02-16 at 20:12: | INFO | Страница по адресу https://www.52shuku.vip/yanqing/am/h2QX_114.html доступна
2025-02-16 at 20:12: | INFO | Страница по адресу https://www.52shuku.vip/yanqing/am/h2QX_115.html доступна
2025-02-16 at 20:12: | INFO | Страница по адресу https://www.52shuku.vip/yanqing/am/h2QX_116.html доступна
2025-02-16 at 20:12: | INFO | Страница по адресу https://www.52shuku.vip/yanqing/am/h2QX_117.html доступна
2025-02-16 at 20:12: | INFO | Страница по адресу https://www.52shuku.vip/yanqing/am/h2QX_118.html доступна
2025-02-16 at 20:12: | INFO | Страница по адресу https://www.52shuku.vip/yanqing/am/h2QX_119.html доступна
2025-02-16 at 20:12: | INFO | Страница по адресу https://www.52shuku.vip/yanqing/am/h2QX_120.html доступна
2025-02-16 at 20:12: | INFO | Страница по адресу https://www.52shuku.vip/yanqing/am/h2QX_121.html доступна
2025-02-16 at 20:12: | INFO | Страница по адресу https://www.52shuku.vip/yanqing/am/h2QX_122.html доступна
2025-02-16 at 20:12: | INFO | Страница по адресу https://www.52shuku.vip/yanqing/am/h2QX_123.html доступна
2025-02-16 at 20:12: | INFO | Страница по адресу https://www.52shuku.vip/yanqing/am/h2QX_124.html доступна
2025-02-16 at 20:12: | INFO | Страница по адресу https://www.52shuku.vip/yanqing/am/h2QX_125.html доступна
2025-02-16 at 20:12: | INFO | Страница по адресу https://www.52shuku.vip/yanqing/am/h2QX_126.html доступна
2025-02-16 at 20:12: | INFO | Страница по адресу https://www.52shuku.vip/yanqing/am/h2QX_127.html доступна
2025-02-16 at 20:12: | INFO | Страница по адресу https://www.52shuku.vip/yanqing/am/h2QX_128.html доступна
2025-02-16 at 20:12: | INFO | Страница по адресу https://www.52shuku.vip/yanqing/am/h2QX_129.html доступна
2025-02-16 at 20:12: | INFO | Страница по адресу https://www.52shuku.vip/yanqing/am/h2QX_130.html доступна
2025-02-16 at 20:12: | INFO | Страница по адресу https://www.52shuku.vip/yanqing/am/h2QX_131.html доступна
2025-02-16 at 20:12: | INFO | Страница по адресу https://www.52shuku.vip/yanqing/am/h2QX_132.html доступна
2025-02-16 at 20:12: | INFO | Страница по адресу https://www.52shuku.vip/yanqing/am/h2QX_133.html доступна
2025-02-16 at 20:12: | INFO | Страница по адресу https://www.52shuku.vip/yanqing/am/h2QX_134.html доступна
2025-02-16 at 20:12: | INFO | Страница по адресу https://www.52shuku.vip/yanqing/am/h2QX_135.html доступна
2025-02-16 at 20:12: | INFO | Страница по адресу https://www.52shuku.vip/yanqing/am/h2QX_136.html доступна
2025-02-16 at 20:12: | INFO | Страница по адресу https://www.52shuku.vip/yanqing/am/h2QX_137.html доступна
2025-02-16 at 20:12: | INFO | Страница по адресу https://www.52shuku.vip/yanqing/am/h2QX_138.html доступна
2025-02-16 at 20:12: | INFO | Страница по адресу https://www.52shuku.vip/yanqing/am/h2QX_139.html доступна
2025-02-16 at 20:12: | INFO | Страница по адресу https://www.52shuku.vip/yanqing/am/h2QX_140.html доступна
2025-02-16 at 20:12: | INFO | Страница по адресу https://www.52shuku.vip/yanqing/am/h2QX_141.html доступна
2025-02-16 at 20:12: | INFO | Страница по адресу https://www.52shuku.vip/yanqing/am/h2QX_142.html доступна
2025-02-16 at 20:12: | INFO | Страница по адресу https://www.52shuku.vip/yanqing/am/h2QX_143.html доступна
2025-02-16 at 20:12: | INFO | Страница по адресу https://www.52shuku.vip/yanqing/am/h2QX_144.html доступна
2025-02-16 at 20:12: | INFO | Страница по адресу https://www.52shuku.vip/yanqing/am/h2QX_145.html доступна
2025-02-16 at 20:12: | INFO | Страница по адресу https://www.52shuku.vip/yanqing/am/h2QX_146.html доступна
2025-02-16 at 20:12: | INFO | Страница по адресу https://www.52shuku.vip/yanqing/am/h2QX_147.html доступна
2025-02-16 at 20:12: | INFO | Страница по адресу https://www.52shuku.vip/yanqing/am/h2QX_148.html доступна
2025-02-16 at 20:12: | INFO | Страница по адресу https://www.52shuku.vip/yanqing/am/h2QX_149.html доступна
2025-02-16 at 20:12: | INFO | Страница по адресу https://www.52shuku.vip/yanqing/am/h2QX_150.html доступна
2025-02-16 at 20:12: | INFO | Страница по адресу https://www.52shuku.vip/yanqing/am/h2QX_151.html доступна
2025-02-16 at 20:12: | INFO | Страница по адресу https://www.52shuku.vip/yanqing/am/h2QX_152.html доступна
2025-02-16 at 20:12: | INFO | Страница по адресу https://www.52shuku.vip/yanqing/am/h2QX_153.html доступна
2025-02-16 at 20:12: | INFO | Страница по адресу https://www.52shuku.vip/yanqing/am/h2QX_154.html доступна
2025-02-16 at 20:12: | INFO | Страница по адресу https://www.52shuku.vip/yanqing/am/h2QX_155.html доступна
2025-02-16 at 20:12: | INFO | Страница по адресу https://www.52shuku.vip/yanqing/am/h2QX_156.html доступна
2025-02-16 at 20:12: | INFO | Страница по адресу https://www.52shuku.vip/yanqing/am/h2QX_157.html доступна
2025-02-16 at 20:12: | INFO | Страница по адресу https://www.52shuku.vip/yanqing/am/h2QX_158.html доступна
2025-02-16 at 20:12: | INFO | Страница по адресу https://www.52shuku.vip/yanqing/am/h2QX_159.html доступна
2025-02-16 at 20:12: | INFO | Страница по адресу https://www.52shuku.vip/yanqing/am/h2QX_160.html доступна
2025-02-16 at 20:12: | INFO | Страница по адресу https://www.52shuku.vip/yanqing/am/h2QX_161.html доступна
2025-02-16 at 20:12: | INFO | Страница по адресу https://www.52shuku.vip/yanqing/am/h2QX_162.html доступна
2025-02-16 at 20:12: | INFO | Страница по адресу https://www.52shuku.vip/yanqing/am/h2QX_163.html доступна
2025-02-16 at 20:12: | INFO | Страница по адресу https://www.52shuku.vip/yanqing/am/h2QX_164.html доступна
2025-02-16 at 20:12: | INFO | Страница по адресу https://www.52shuku.vip/yanqing/am/h2QX_165.html доступна
2025-02-16 at 20:12: | INFO | Страница по адресу https://www.52shuku.vip/yanqing/am/h2QX_166.html доступна
2025-02-16 at 20:12: | INFO | Страница по адресу https://www.52shuku.vip/yanqing/am/h2QX_167.html доступна
2025-02-16 at 20:12: | INFO | Страница по адресу https://www.52shuku.vip/yanqing/am/h2QX_168.html доступна
2025-02-16 at 20:12: | INFO | Страница по адресу https://www.52shuku.vip/yanqing/am/h2QX_169.html доступна
2025-02-16 at 20:12: | INFO | Страница по адресу https://www.52shuku.vip/yanqing/am/h2QX_170.html доступна
2025-02-16 at 20:12: | INFO | Страница по адресу https://www.52shuku.vip/yanqing/am/h2QX_171.html доступна
2025-02-16 at 20:12: | INFO | Страница по адресу https://www.52shuku.vip/yanqing/am/h2QX_172.html доступна
2025-02-16 at 20:12: | INFO | Страница по адресу https://www.52shuku.vip/yanqing/am/h2QX_173.html доступна
2025-02-16 at 20:12: | INFO | Страница по адресу https://www.52shuku.vip/yanqing/am/h2QX_174.html доступна
2025-02-16 at 20:12: | INFO | Страница по адресу https://www.52shuku.vip/yanqing/am/h2QX_175.html доступна
2025-02-16 at 20:12: | INFO | Страница по адресу https://www.52shuku.vip/yanqing/am/h2QX_176.html доступна
2025-02-16 at 20:12: | INFO | Страница по адресу https://www.52shuku.vip/yanqing/am/h2QX_177.html доступна
2025-02-16 at 20:12: | INFO | Страница по адресу https://www.52shuku.vip/yanqing/am/h2QX_178.html доступна
2025-02-16 at 20:12: | INFO | Страница по адресу https://www.52shuku.vip/yanqing/am/h2QX_179.html доступна
2025-02-16 at 20:12: | INFO | Страница по адресу https://www.52shuku.vip/yanqing/am/h2QX_180.html доступна
2025-02-16 at 20:12: | INFO | Страница по адресу https://www.52shuku.vip/yanqing/am/h2QX_181.html доступна
2025-02-16 at 20:12: | INFO | Страница по адресу https://www.52shuku.vip/yanqing/am/h2QX_182.html доступна
2025-02-16 at 20:12: | INFO | Страница по адресу https://www.52shuku.vip/yanqing/am/h2QX_183.html доступна
2025-02-16 at 20:12: | INFO | Страница по адресу https://www.52shuku.vip/yanqing/am/h2QX_184.html доступна
2025-02-16 at 20:12: | INFO | Страница по адресу https://www.52shuku.vip/yanqing/am/h2QX_185.html доступна
2025-02-16 at 20:12: | INFO | Страница по адресу https://www.52shuku.vip/yanqing/am/h2QX_186.html доступна
2025-02-16 at 20:12: | INFO | Страница по адресу https://www.52shuku.vip/yanqing/am/h2QX_187.html доступна
2025-02-16 at 20:12: | INFO | Страница по адресу https://www.52shuku.vip/yanqing/am/h2QX_188.html доступна
2025-02-16 at 20:12: | INFO | Страница по адресу https://www.52shuku.vip/yanqing/am/h2QX_189.html доступна
2025-02-16 at 20:12: | INFO | Страница по адресу https://www.52shuku.vip/yanqing/am/h2QX_190.html доступна
2025-02-16 at 20:12: | INFO | Страница по адресу https://www.52shuku.vip/yanqing/am/h2QX_191.html доступна
2025-02-16 at 20:12: | INFO | Страница по адресу https://www.52shuku.vip/yanqing/am/h2QX_192.html доступна
2025-02-16 at 20:12: | INFO | Страница по адресу https://www.52shuku.vip/yanqing/am/h2QX_193.html доступна
2025-02-16 at 20:12: | INFO | Страница по адресу https://www.52shuku.vip/yanqing/am/h2QX_194.html доступна
2025-02-16 at 20:12: | INFO | Страница по адресу https://www.52shuku.vip/yanqing/am/h2QX_195.html доступна
2025-02-16 at 20:12: | INFO | Страница по адресу https://www.52shuku.vip/yanqing/am/h2QX_196.html доступна
2025-02-16 at 20:12: | INFO | Страница по адресу https://www.52shuku.vip/yanqing/am/h2QX_197.html доступна
2025-02-16 at 20:12: | INFO | Страница по адресу https://www.52shuku.vip/yanqing/am/h2QX_198.html доступна
2025-02-16 at 20:12: | INFO | Страница по адресу https://www.52shuku.vip/yanqing/am/h2QX_199.html доступна
2025-02-16 at 20:12: | INFO | Страница по адресу https://www.52shuku.vip/yanqing/am/h2QX_200.html доступна
2025-02-16 at 20:12: | INFO | Страница по адресу https://www.52shuku.vip/yanqing/am/h2QX_201.html доступна
2025-02-16 at 20:12: | INFO | Страница по адресу https://www.52shuku.vip/yanqing/am/h2QX_202.html доступна
2025-02-16 at 20:12: | INFO | Страница по адресу https://www.52shuku.vip/yanqing/am/h2QX_203.html доступна
2025-02-16 at 20:12: | INFO | Страница по адресу https://www.52shuku.vip/yanqing/am/h2QX_204.html доступна
2025-02-16 at 20:12: | INFO | Страница по адресу https://www.52shuku.vip/yanqing/am/h2QX_205.html доступна
2025-02-16 at 20:12: | INFO | Страница по адресу https://www.52shuku.vip/yanqing/am/h2QX_206.html доступна
2025-02-16 at 20:12: | INFO | Страница по адресу https://www.52shuku.vip/yanqing/am/h2QX_207.html доступна
2025-02-16 at 20:12: | INFO | Страница по адресу https://www.52shuku.vip/yanqing/am/h2QX_208.html доступна
2025-02-16 at 20:12: | INFO | Страница по адресу https://www.52shuku.vip/yanqing/am/h2QX_209.html доступна
2025-02-16 at 20:12: | INFO | Страница по адресу https://www.52shuku.vip/yanqing/am/h2QX_210.html доступна
2025-02-16 at 20:12: | INFO | Страница по адресу https://www.52shuku.vip/yanqing/am/h2QX_211.html доступна
2025-02-16 at 20:12: | INFO | Страница по адресу https://www.52shuku.vip/yanqing/am/h2QX_212.html доступна
2025-02-16 at 20:12: | INFO | Страница по адресу https://www.52shuku.vip/yanqing/am/h2QX_213.html доступна
2025-02-16 at 20:12: | INFO | Страница по адресу https://www.52shuku.vip/yanqing/am/h2QX_214.html доступна
2025-02-16 at 20:12: | INFO | Страница по адресу https://www.52shuku.vip/yanqing/am/h2QX_215.html доступна
2025-02-16 at 20:12: | INFO | Страница по адресу https://www.52shuku.vip/yanqing/am/h2QX_216.html доступна
2025-02-16 at 20:12: | INFO | Страница по адресу https://www.52shuku.vip/yanqing/am/h2QX_217.html доступна
2025-02-16 at 20:12: | INFO | Страница по адресу https://www.52shuku.vip/yanqing/am/h2QX_218.html доступна
2025-02-16 at 20:12: | INFO | Страница по адресу https://www.52shuku.vip/yanqing/am/h2QX_219.html доступна
2025-02-16 at 20:12: | INFO | Страница по адресу https://www.52shuku.vip/yanqing/am/h2QX_220.html доступна
2025-02-16 at 20:12: | INFO | Страница по адресу https://www.52shuku.vip/yanqing/am/h2QX_221.html доступна
2025-02-16 at 20:12: | INFO | Страница по адресу https://www.52shuku.vip/yanqing/am/h2QX_222.html доступна
2025-02-16 at 20:13: | INFO | Страница по адресу https://www.52shuku.vip/yanqing/am/h2QX.html доступна
2025-02-16 at 20:13: | INFO | Страница по адресу https://www.52shuku.vip/yanqing/am/h2QX_2.html доступна
2025-02-16 at 20:13: | INFO | Страница по адресу https://www.52shuku.vip/yanqing/am/h2QX_3.html доступна
2025-02-16 at 20:13: | INFO | Страница по адресу https://www.52shuku.vip/yanqing/am/h2QX_4.html доступна
2025-02-16 at 20:13: | INFO | Страница по адресу https://www.52shuku.vip/yanqing/am/h2QX_5.html доступна
2025-02-16 at 20:13: | INFO | Страница по адресу https://www.52shuku.vip/yanqing/am/h2QX_6.html доступна
2025-02-16 at 20:13: | INFO | Страница по адресу https://www.52shuku.vip/yanqing/am/h2QX_7.html доступна
2025-02-16 at 20:13: | INFO | Страница по адресу https://www.52shuku.vip/yanqing/am/h2QX_8.html доступна
2025-02-16 at 20:13: | INFO | Страница по адресу https://www.52shuku.vip/yanqing/am/h2QX_9.html доступна
2025-02-16 at 20:13: | INFO | Страница по адресу https://www.52shuku.vip/yanqing/am/h2QX_10.html доступна
2025-02-16 at 20:13: | INFO | Страница по адресу https://www.52shuku.vip/yanqing/am/h2QX_11.html доступна
2025-02-16 at 20:13: | INFO | Страница по адресу https://www.52shuku.vip/yanqing/am/h2QX_12.html доступна
2025-02-16 at 20:13: | INFO | Страница по адресу https://www.52shuku.vip/yanqing/am/h2QX_13.html доступна
2025-02-16 at 20:13: | INFO | Страница по адресу https://www.52shuku.vip/yanqing/am/h2QX_14.html доступна
2025-02-16 at 20:13: | INFO | Страница по адресу https://www.52shuku.vip/yanqing/am/h2QX_15.html доступна
2025-02-16 at 20:13: | INFO | Страница по адресу https://www.52shuku.vip/yanqing/am/h2QX_16.html доступна
2025-02-16 at 20:13: | INFO | Страница по адресу https://www.52shuku.vip/yanqing/am/h2QX_17.html доступна
2025-02-16 at 20:13: | INFO | Страница по адресу https://www.52shuku.vip/yanqing/am/h2QX_18.html доступна
2025-02-16 at 20:13: | INFO | Страница по адресу https://www.52shuku.vip/yanqing/am/h2QX_19.html доступна
2025-02-16 at 20:13: | INFO | Страница по адресу https://www.52shuku.vip/yanqing/am/h2QX_20.html доступна
2025-02-16 at 20:13: | INFO | Страница по адресу https://www.52shuku.vip/yanqing/am/h2QX_21.html доступна
2025-02-16 at 20:13: | INFO | Страница по адресу https://www.52shuku.vip/yanqing/am/h2QX_22.html доступна
2025-02-16 at 20:13: | INFO | Страница по адресу https://www.52shuku.vip/yanqing/am/h2QX_23.html доступна
2025-02-16 at 20:13: | INFO | Страница по адресу https://www.52shuku.vip/yanqing/am/h2QX_24.html доступна
2025-02-16 at 20:13: | INFO | Страница по адресу https://www.52shuku.vip/yanqing/am/h2QX_25.html доступна
2025-02-16 at 20:13: | INFO | Страница по адресу https://www.52shuku.vip/yanqing/am/h2QX_26.html доступна
2025-02-16 at 20:13: | INFO | Страница по адресу https://www.52shuku.vip/yanqing/am/h2QX_27.html доступна
2025-02-16 at 20:13: | INFO | Страница по адресу https://www.52shuku.vip/yanqing/am/h2QX_28.html доступна
2025-02-16 at 20:13: | INFO | Страница по адресу https://www.52shuku.vip/yanqing/am/h2QX_29.html доступна
2025-02-16 at 20:13: | INFO | Страница по адресу https://www.52shuku.vip/yanqing/am/h2QX_30.html доступна
2025-02-16 at 20:13: | INFO | Страница по адресу https://www.52shuku.vip/yanqing/am/h2QX_31.html доступна
2025-02-16 at 20:13: | INFO | Страница по адресу https://www.52shuku.vip/yanqing/am/h2QX_32.html доступна
2025-02-16 at 20:13: | INFO | Страница по адресу https://www.52shuku.vip/yanqing/am/h2QX_33.html доступна
2025-02-16 at 20:13: | INFO | Страница по адресу https://www.52shuku.vip/yanqing/am/h2QX_34.html доступна
2025-02-16 at 20:13: | INFO | Страница по адресу https://www.52shuku.vip/yanqing/am/h2QX_35.html доступна
2025-02-16 at 20:13: | INFO | Страница по адресу https://www.52shuku.vip/yanqing/am/h2QX_36.html доступна
2025-02-16 at 20:13: | INFO | Страница по адресу https://www.52shuku.vip/yanqing/am/h2QX_37.html доступна
2025-02-16 at 20:13: | INFO | Страница по адресу https://www.52shuku.vip/yanqing/am/h2QX_38.html доступна
2025-02-16 at 20:13: | INFO | Страница по адресу https://www.52shuku.vip/yanqing/am/h2QX_39.html доступна
2025-02-16 at 20:13: | INFO | Страница по адресу https://www.52shuku.vip/yanqing/am/h2QX_40.html доступна
2025-02-16 at 20:13: | INFO | Страница по адресу https://www.52shuku.vip/yanqing/am/h2QX_41.html доступна
2025-02-16 at 20:13: | INFO | Страница по адресу https://www.52shuku.vip/yanqing/am/h2QX_42.html доступна
2025-02-16 at 20:13: | INFO | Страница по адресу https://www.52shuku.vip/yanqing/am/h2QX_43.html доступна
2025-02-16 at 20:13: | INFO | Страница по адресу https://www.52shuku.vip/yanqing/am/h2QX_44.html доступна
2025-02-16 at 20:13: | INFO | Страница по адресу https://www.52shuku.vip/yanqing/am/h2QX_45.html доступна
2025-02-16 at 20:13: | INFO | Страница по адресу https://www.52shuku.vip/yanqing/am/h2QX_46.html доступна
2025-02-16 at 20:13: | INFO | Страница по адресу https://www.52shuku.vip/yanqing/am/h2QX_47.html доступна
2025-02-16 at 20:13: | INFO | Страница по адресу https://www.52shuku.vip/yanqing/am/h2QX_48.html доступна
2025-02-16 at 20:13: | INFO | Страница по адресу https://www.52shuku.vip/yanqing/am/h2QX_49.html доступна
2025-02-16 at 20:13: | INFO | Страница по адресу https://www.52shuku.vip/yanqing/am/h2QX_50.html доступна
2025-02-16 at 20:13: | INFO | Страница по адресу https://www.52shuku.vip/yanqing/am/h2QX_51.html доступна
2025-02-16 at 20:13: | INFO | Страница по адресу https://www.52shuku.vip/yanqing/am/h2QX_52.html доступна
2025-02-16 at 20:13: | INFO | Страница по адресу https://www.52shuku.vip/yanqing/am/h2QX_53.html доступна
2025-02-16 at 20:13: | INFO | Страница по адресу https://www.52shuku.vip/yanqing/am/h2QX_54.html доступна
2025-02-16 at 20:13: | INFO | Страница по адресу https://www.52shuku.vip/yanqing/am/h2QX_55.html доступна
2025-02-16 at 20:13: | INFO | Страница по адресу https://www.52shuku.vip/yanqing/am/h2QX_56.html доступна
2025-02-16 at 20:13: | INFO | Страница по адресу https://www.52shuku.vip/yanqing/am/h2QX_57.html доступна
2025-02-16 at 20:13: | INFO | Страница по адресу https://www.52shuku.vip/yanqing/am/h2QX_58.html доступна
2025-02-16 at 20:13: | INFO | Страница по адресу https://www.52shuku.vip/yanqing/am/h2QX_59.html доступна
2025-02-16 at 20:13: | INFO | Страница по адресу https://www.52shuku.vip/yanqing/am/h2QX_60.html доступна
2025-02-16 at 20:13: | INFO | Страница по адресу https://www.52shuku.vip/yanqing/am/h2QX_61.html доступна
2025-02-16 at 20:13: | INFO | Страница по адресу https://www.52shuku.vip/yanqing/am/h2QX_62.html доступна
2025-02-16 at 20:13: | INFO | Страница по адресу https://www.52shuku.vip/yanqing/am/h2QX_63.html доступна
2025-02-16 at 20:13: | INFO | Страница по адресу https://www.52shuku.vip/yanqing/am/h2QX_64.html доступна
2025-02-16 at 20:13: | INFO | Страница по адресу https://www.52shuku.vip/yanqing/am/h2QX_65.html доступна
2025-02-16 at 20:13: | INFO | Страница по адресу https://www.52shuku.vip/yanqing/am/h2QX_66.html доступна
2025-02-16 at 20:13: | INFO | Страница по адресу https://www.52shuku.vip/yanqing/am/h2QX_67.html доступна
2025-02-16 at 20:13: | INFO | Страница по адресу https://www.52shuku.vip/yanqing/am/h2QX_68.html доступна
2025-02-16 at 20:13: | INFO | Страница по адресу https://www.52shuku.vip/yanqing/am/h2QX_69.html доступна
2025-02-16 at 20:13: | INFO | Страница по адресу https://www.52shuku.vip/yanqing/am/h2QX_70.html доступна
2025-02-16 at 20:13: | INFO | Страница по адресу https://www.52shuku.vip/yanqing/am/h2QX_71.html доступна
2025-02-16 at 20:13: | INFO | Страница по адресу https://www.52shuku.vip/yanqing/am/h2QX_72.html доступна
2025-02-16 at 20:13: | INFO | Страница по адресу https://www.52shuku.vip/yanqing/am/h2QX_73.html доступна
2025-02-16 at 20:13: | INFO | Страница по адресу https://www.52shuku.vip/yanqing/am/h2QX_74.html доступна
2025-02-16 at 20:13: | INFO | Страница по адресу https://www.52shuku.vip/yanqing/am/h2QX_75.html доступна
2025-02-16 at 20:13: | INFO | Страница по адресу https://www.52shuku.vip/yanqing/am/h2QX_76.html доступна
2025-02-16 at 20:13: | INFO | Страница по адресу https://www.52shuku.vip/yanqing/am/h2QX_77.html доступна
2025-02-16 at 20:13: | INFO | Страница по адресу https://www.52shuku.vip/yanqing/am/h2QX_78.html доступна
2025-02-16 at 20:13: | INFO | Страница по адресу https://www.52shuku.vip/yanqing/am/h2QX_79.html доступна
2025-02-16 at 20:13: | INFO | Страница по адресу https://www.52shuku.vip/yanqing/am/h2QX_80.html доступна
2025-02-16 at 20:13: | INFO | Страница по адресу https://www.52shuku.vip/yanqing/am/h2QX_81.html доступна
2025-02-16 at 20:13: | INFO | Страница по адресу https://www.52shuku.vip/yanqing/am/h2QX_82.html доступна
2025-02-16 at 20:13: | INFO | Страница по адресу https://www.52shuku.vip/yanqing/am/h2QX_83.html доступна
2025-02-16 at 20:13: | INFO | Страница по адресу https://www.52shuku.vip/yanqing/am/h2QX_84.html доступна
2025-02-16 at 20:13: | INFO | Страница по адресу https://www.52shuku.vip/yanqing/am/h2QX_85.html доступна
2025-02-16 at 20:13: | INFO | Страница по адресу https://www.52shuku.vip/yanqing/am/h2QX_86.html доступна
2025-02-16 at 20:13: | INFO | Страница по адресу https://www.52shuku.vip/yanqing/am/h2QX_87.html доступна
2025-02-16 at 20:13: | INFO | Страница по адресу https://www.52shuku.vip/yanqing/am/h2QX_88.html доступна
2025-02-16 at 20:13: | INFO | Страница по адресу https://www.52shuku.vip/yanqing/am/h2QX_89.html доступна
2025-02-16 at 20:14: | INFO | Страница по адресу https://www.52shuku.vip/yanqing/am/h2QX_90.html доступна
2025-02-16 at 20:14: | INFO | Страница по адресу https://www.52shuku.vip/yanqing/am/h2QX_91.html доступна
2025-02-16 at 20:14: | INFO | Страница по адресу https://www.52shuku.vip/yanqing/am/h2QX_92.html доступна
2025-02-16 at 20:14: | INFO | Страница по адресу https://www.52shuku.vip/yanqing/am/h2QX_93.html доступна
2025-02-16 at 20:14: | INFO | Страница по адресу https://www.52shuku.vip/yanqing/am/h2QX_94.html доступна
2025-02-16 at 20:14: | INFO | Страница по адресу https://www.52shuku.vip/yanqing/am/h2QX_95.html доступна
2025-02-16 at 20:14: | INFO | Страница по адресу https://www.52shuku.vip/yanqing/am/h2QX_96.html доступна
2025-02-16 at 20:14: | INFO | Страница по адресу https://www.52shuku.vip/yanqing/am/h2QX_97.html доступна
2025-02-16 at 20:14: | INFO | Страница по адресу https://www.52shuku.vip/yanqing/am/h2QX_98.html доступна
2025-02-16 at 20:14: | INFO | Страница по адресу https://www.52shuku.vip/yanqing/am/h2QX_99.html доступна
2025-02-16 at 20:14: | INFO | Страница по адресу https://www.52shuku.vip/yanqing/am/h2QX_100.html доступна
2025-02-16 at 20:14: | INFO | Страница по адресу https://www.52shuku.vip/yanqing/am/h2QX_101.html доступна
2025-02-16 at 20:14: | INFO | Страница по адресу https://www.52shuku.vip/yanqing/am/h2QX_102.html доступна
2025-02-16 at 20:14: | INFO | Страница по адресу https://www.52shuku.vip/yanqing/am/h2QX_103.html доступна
2025-02-16 at 20:14: | INFO | Страница по адресу https://www.52shuku.vip/yanqing/am/h2QX_104.html доступна
2025-02-16 at 20:14: | INFO | Страница по адресу https://www.52shuku.vip/yanqing/am/h2QX_105.html доступна
2025-02-16 at 20:14: | INFO | Страница по адресу https://www.52shuku.vip/yanqing/am/h2QX_106.html доступна
2025-02-16 at 20:14: | INFO | Страница по адресу https://www.52shuku.vip/yanqing/am/h2QX_107.html доступна
2025-02-16 at 20:14: | INFO | Страница по адресу https://www.52shuku.vip/yanqing/am/h2QX_108.html доступна
2025-02-16 at 20:14: | INFO | Страница по адресу https://www.52shuku.vip/yanqing/am/h2QX_109.html доступна
2025-02-16 at 20:14: | INFO | Страница по адресу https://www.52shuku.vip/yanqing/am/h2QX_110.html доступна
2025-02-16 at 20:14: | INFO | Страница по адресу https://www.52shuku.vip/yanqing/am/h2QX_111.html доступна
2025-02-16 at 20:14: | INFO | Страница по адресу https://www.52shuku.vip/yanqing/am/h2QX_112.html доступна
2025-02-16 at 20:14: | INFO | Страница по адресу https://www.52shuku.vip/yanqing/am/h2QX_113.html доступна
2025-02-16 at 20:14: | INFO | Страница по адресу https://www.52shuku.vip/yanqing/am/h2QX_114.html доступна
2025-02-16 at 20:14: | INFO | Страница по адресу https://www.52shuku.vip/yanqing/am/h2QX_115.html доступна
2025-02-16 at 20:14: | INFO | Страница по адресу https://www.52shuku.vip/yanqing/am/h2QX_116.html доступна
2025-02-16 at 20:14: | INFO | Страница по адресу https://www.52shuku.vip/yanqing/am/h2QX_117.html доступна
2025-02-16 at 20:14: | INFO | Страница по адресу https://www.52shuku.vip/yanqing/am/h2QX_118.html доступна
2025-02-16 at 20:14: | INFO | Страница по адресу https://www.52shuku.vip/yanqing/am/h2QX_119.html доступна
2025-02-16 at 20:14: | INFO | Страница по адресу https://www.52shuku.vip/yanqing/am/h2QX_120.html доступна
2025-02-16 at 20:14: | INFO | Страница по адресу https://www.52shuku.vip/yanqing/am/h2QX_121.html доступна
2025-02-16 at 20:14: | INFO | Страница по адресу https://www.52shuku.vip/yanqing/am/h2QX_122.html доступна
2025-02-16 at 20:14: | INFO | Страница по адресу https://www.52shuku.vip/yanqing/am/h2QX_123.html доступна
2025-02-16 at 20:14: | INFO | Страница по адресу https://www.52shuku.vip/yanqing/am/h2QX_124.html доступна
2025-02-16 at 20:14: | INFO | Страница по адресу https://www.52shuku.vip/yanqing/am/h2QX_125.html доступна
2025-02-16 at 20:14: | INFO | Страница по адресу https://www.52shuku.vip/yanqing/am/h2QX_126.html доступна
2025-02-16 at 20:14: | INFO | Страница по адресу https://www.52shuku.vip/yanqing/am/h2QX_127.html доступна
2025-02-16 at 20:14: | INFO | Страница по адресу https://www.52shuku.vip/yanqing/am/h2QX_128.html доступна
2025-02-16 at 20:14: | INFO | Страница по адресу https://www.52shuku.vip/yanqing/am/h2QX_129.html доступна
2025-02-16 at 20:14: | INFO | Страница по адресу https://www.52shuku.vip/yanqing/am/h2QX_130.html доступна
2025-02-16 at 20:14: | INFO | Страница по адресу https://www.52shuku.vip/yanqing/am/h2QX_131.html доступна
2025-02-16 at 20:14: | INFO | Страница по адресу https://www.52shuku.vip/yanqing/am/h2QX_132.html доступна
2025-02-16 at 20:14: | INFO | Страница по адресу https://www.52shuku.vip/yanqing/am/h2QX_133.html доступна
2025-02-16 at 20:14: | INFO | Страница по адресу https://www.52shuku.vip/yanqing/am/h2QX_134.html доступна
2025-02-16 at 20:14: | INFO | Страница по адресу https://www.52shuku.vip/yanqing/am/h2QX_135.html доступна
2025-02-16 at 20:14: | INFO | Страница по адресу https://www.52shuku.vip/yanqing/am/h2QX_136.html доступна
2025-02-16 at 20:14: | INFO | Страница по адресу https://www.52shuku.vip/yanqing/am/h2QX_137.html доступна
2025-02-16 at 20:14: | INFO | Страница по адресу https://www.52shuku.vip/yanqing/am/h2QX_138.html доступна
2025-02-16 at 20:14: | INFO | Страница по адресу https://www.52shuku.vip/yanqing/am/h2QX_139.html доступна
2025-02-16 at 20:14: | INFO | Страница по адресу https://www.52shuku.vip/yanqing/am/h2QX_140.html доступна
2025-02-16 at 20:14: | INFO | Страница по адресу https://www.52shuku.vip/yanqing/am/h2QX_141.html доступна
2025-02-16 at 20:14: | INFO | Страница по адресу https://www.52shuku.vip/yanqing/am/h2QX_142.html доступна
2025-02-16 at 20:14: | INFO | Страница по адресу https://www.52shuku.vip/yanqing/am/h2QX_143.html доступна
2025-02-16 at 20:14: | INFO | Страница по адресу https://www.52shuku.vip/yanqing/am/h2QX_144.html доступна
2025-02-16 at 20:14: | INFO | Страница по адресу https://www.52shuku.vip/yanqing/am/h2QX_145.html доступна
2025-02-16 at 20:14: | INFO | Страница по адресу https://www.52shuku.vip/yanqing/am/h2QX_146.html доступна
2025-02-16 at 20:14: | INFO | Страница по адресу https://www.52shuku.vip/yanqing/am/h2QX_147.html доступна
2025-02-16 at 20:14: | INFO | Страница по адресу https://www.52shuku.vip/yanqing/am/h2QX_148.html доступна
2025-02-16 at 20:14: | INFO | Страница по адресу https://www.52shuku.vip/yanqing/am/h2QX_149.html доступна
2025-02-16 at 20:14: | INFO | Страница по адресу https://www.52shuku.vip/yanqing/am/h2QX_150.html доступна
2025-02-16 at 20:14: | INFO | Страница по адресу https://www.52shuku.vip/yanqing/am/h2QX_151.html доступна
2025-02-16 at 20:14: | INFO | Страница по адресу https://www.52shuku.vip/yanqing/am/h2QX_152.html доступна
2025-02-16 at 20:14: | INFO | Страница по адресу https://www.52shuku.vip/yanqing/am/h2QX_153.html доступна
2025-02-16 at 20:14: | INFO | Страница по адресу https://www.52shuku.vip/yanqing/am/h2QX_154.html доступна
2025-02-16 at 20:14: | INFO | Страница по адресу https://www.52shuku.vip/yanqing/am/h2QX_155.html доступна
2025-02-16 at 20:14: | INFO | Страница по адресу https://www.52shuku.vip/yanqing/am/h2QX_156.html доступна
2025-02-16 at 20:14: | INFO | Страница по адресу https://www.52shuku.vip/yanqing/am/h2QX_157.html доступна
2025-02-16 at 20:14: | INFO | Страница по адресу https://www.52shuku.vip/yanqing/am/h2QX_158.html доступна
2025-02-16 at 20:14: | INFO | Страница по адресу https://www.52shuku.vip/yanqing/am/h2QX_159.html доступна
2025-02-16 at 20:14: | INFO | Страница по адресу https://www.52shuku.vip/yanqing/am/h2QX_160.html доступна
2025-02-16 at 20:14: | INFO | Страница по адресу https://www.52shuku.vip/yanqing/am/h2QX_161.html доступна
2025-02-16 at 20:14: | INFO | Страница по адресу https://www.52shuku.vip/yanqing/am/h2QX_162.html доступна
2025-02-16 at 20:14: | INFO | Страница по адресу https://www.52shuku.vip/yanqing/am/h2QX_163.html доступна
2025-02-16 at 20:14: | INFO | Страница по адресу https://www.52shuku.vip/yanqing/am/h2QX_164.html доступна
2025-02-16 at 20:14: | INFO | Страница по адресу https://www.52shuku.vip/yanqing/am/h2QX_165.html доступна
2025-02-16 at 20:14: | INFO | Страница по адресу https://www.52shuku.vip/yanqing/am/h2QX_166.html доступна
2025-02-16 at 20:14: | INFO | Страница по адресу https://www.52shuku.vip/yanqing/am/h2QX_167.html доступна
2025-02-16 at 20:14: | INFO | Страница по адресу https://www.52shuku.vip/yanqing/am/h2QX_168.html доступна
2025-02-16 at 20:14: | INFO | Страница по адресу https://www.52shuku.vip/yanqing/am/h2QX_169.html доступна
2025-02-16 at 20:14: | INFO | Страница по адресу https://www.52shuku.vip/yanqing/am/h2QX_170.html доступна
2025-02-16 at 20:14: | INFO | Страница по адресу https://www.52shuku.vip/yanqing/am/h2QX_171.html доступна
2025-02-16 at 20:14: | INFO | Страница по адресу https://www.52shuku.vip/yanqing/am/h2QX_172.html доступна
2025-02-16 at 20:14: | INFO | Страница по адресу https://www.52shuku.vip/yanqing/am/h2QX_173.html доступна
2025-02-16 at 20:14: | INFO | Страница по адресу https://www.52shuku.vip/yanqing/am/h2QX_174.html доступна
2025-02-16 at 20:14: | INFO | Страница по адресу https://www.52shuku.vip/yanqing/am/h2QX_175.html доступна
2025-02-16 at 20:14: | INFO | Страница по адресу https://www.52shuku.vip/yanqing/am/h2QX_176.html доступна
2025-02-16 at 20:14: | INFO | Страница по адресу https://www.52shuku.vip/yanqing/am/h2QX_177.html доступна
2025-02-16 at 20:14: | INFO | Страница по адресу https://www.52shuku.vip/yanqing/am/h2QX_178.html доступна
2025-02-16 at 20:14: | INFO | Страница по адресу https://www.52shuku.vip/yanqing/am/h2QX_179.html доступна
2025-02-16 at 20:14: | INFO | Страница по адресу https://www.52shuku.vip/yanqing/am/h2QX_180.html доступна
2025-02-16 at 20:14: | INFO | Страница по адресу https://www.52shuku.vip/yanqing/am/h2QX_181.html доступна
2025-02-16 at 20:14: | INFO | Страница по адресу https://www.52shuku.vip/yanqing/am/h2QX_182.html доступна
2025-02-16 at 20:14: | INFO | Страница по адресу https://www.52shuku.vip/yanqing/am/h2QX_183.html доступна
2025-02-16 at 20:14: | INFO | Страница по адресу https://www.52shuku.vip/yanqing/am/h2QX_184.html доступна
2025-02-16 at 20:14: | INFO | Страница по адресу https://www.52shuku.vip/yanqing/am/h2QX_185.html доступна
2025-02-16 at 20:14: | INFO | Страница по адресу https://www.52shuku.vip/yanqing/am/h2QX_186.html доступна
2025-02-16 at 20:14: | INFO | Страница по адресу https://www.52shuku.vip/yanqing/am/h2QX_187.html доступна
2025-02-16 at 20:14: | INFO | Страница по адресу https://www.52shuku.vip/yanqing/am/h2QX_188.html доступна
2025-02-16 at 20:14: | INFO | Страница по адресу https://www.52shuku.vip/yanqing/am/h2QX_189.html доступна
2025-02-16 at 20:14: | INFO | Страница по адресу https://www.52shuku.vip/yanqing/am/h2QX_190.html доступна
2025-02-16 at 20:14: | INFO | Страница по адресу https://www.52shuku.vip/yanqing/am/h2QX_191.html доступна
2025-02-16 at 20:14: | INFO | Страница по адресу https://www.52shuku.vip/yanqing/am/h2QX_192.html доступна
2025-02-16 at 20:14: | INFO | Страница по адресу https://www.52shuku.vip/yanqing/am/h2QX_193.html доступна
2025-02-16 at 20:14: | INFO | Страница по адресу https://www.52shuku.vip/yanqing/am/h2QX_194.html доступна
2025-02-16 at 20:14: | INFO | Страница по адресу https://www.52shuku.vip/yanqing/am/h2QX_195.html доступна
2025-02-16 at 20:14: | INFO | Страница по адресу https://www.52shuku.vip/yanqing/am/h2QX_196.html доступна
2025-02-16 at 20:14: | INFO | Страница по адресу https://www.52shuku.vip/yanqing/am/h2QX_197.html доступна
2025-02-16 at 20:14: | INFO | Страница по адресу https://www.52shuku.vip/yanqing/am/h2QX_198.html доступна
2025-02-16 at 20:14: | INFO | Страница по адресу https://www.52shuku.vip/yanqing/am/h2QX_199.html доступна
2025-02-16 at 20:14: | INFO | Страница по адресу https://www.52shuku.vip/yanqing/am/h2QX_200.html доступна
2025-02-16 at 20:14: | INFO | Страница по адресу https://www.52shuku.vip/yanqing/am/h2QX_201.html доступна
2025-02-16 at 20:14: | INFO | Страница по адресу https://www.52shuku.vip/yanqing/am/h2QX_202.html доступна
2025-02-16 at 20:14: | INFO | Страница по адресу https://www.52shuku.vip/yanqing/am/h2QX_203.html доступна
2025-02-16 at 20:14: | INFO | Страница по адресу https://www.52shuku.vip/yanqing/am/h2QX_204.html доступна
2025-02-16 at 20:14: | INFO | Страница по адресу https://www.52shuku.vip/yanqing/am/h2QX_205.html доступна
2025-02-16 at 20:14: | INFO | Страница по адресу https://www.52shuku.vip/yanqing/am/h2QX_206.html доступна
2025-02-16 at 20:14: | INFO | Страница по адресу https://www.52shuku.vip/yanqing/am/h2QX_207.html доступна
2025-02-16 at 20:14: | INFO | Страница по адресу https://www.52shuku.vip/yanqing/am/h2QX_208.html доступна
2025-02-16 at 20:14: | INFO | Страница по адресу https://www.52shuku.vip/yanqing/am/h2QX_209.html доступна
2025-02-16 at 20:14: | INFO | Страница по адресу https://www.52shuku.vip/yanqing/am/h2QX_210.html доступна
2025-02-16 at 20:14: | INFO | Страница по адресу https://www.52shuku.vip/yanqing/am/h2QX_211.html доступна
2025-02-16 at 20:14: | INFO | Страница по адресу https://www.52shuku.vip/yanqing/am/h2QX_212.html доступна
2025-02-16 at 20:14: | INFO | Страница по адресу https://www.52shuku.vip/yanqing/am/h2QX_213.html доступна
2025-02-16 at 20:14: | INFO | Страница по адресу https://www.52shuku.vip/yanqing/am/h2QX_214.html доступна
2025-02-16 at 20:14: | INFO | Страница по адресу https://www.52shuku.vip/yanqing/am/h2QX_215.html доступна
2025-02-16 at 20:14: | INFO | Страница по адресу https://www.52shuku.vip/yanqing/am/h2QX_216.html доступна
2025-02-16 at 20:14: | INFO | Страница по адресу https://www.52shuku.vip/yanqing/am/h2QX_217.html доступна
2025-02-16 at 20:14: | INFO | Страница по адресу https://www.52shuku.vip/yanqing/am/h2QX_218.html доступна
2025-02-16 at 20:14: | INFO | Страница по адресу https://www.52shuku.vip/yanqing/am/h2QX_219.html доступна
2025-02-16 at 20:14: | INFO | Страница по адресу https://www.52shuku.vip/yanqing/am/h2QX_220.html доступна
2025-02-16 at 20:14: | INFO | Страница по адресу https://www.52shuku.vip/yanqing/am/h2QX_221.html доступна
2025-02-16 at 20:14: | INFO | Страница по адресу https://www.52shuku.vip/yanqing/am/h2QX_222.html доступна
2025-02-16 at 20:15: | INFO | Страница по адресу https://www.52shuku.vip/yanqing/am/h2QX.html доступна
2025-02-16 at 20:15: | INFO | Страница по адресу https://www.52shuku.vip/yanqing/am/h2QX_2.html доступна
2025-02-16 at 20:15: | INFO | Страница по адресу https://www.52shuku.vip/yanqing/am/h2QX_3.html доступна
2025-02-16 at 20:15: | INFO | Страница по адресу https://www.52shuku.vip/yanqing/am/h2QX_4.html доступна
2025-02-16 at 20:15: | INFO | Страница по адресу https://www.52shuku.vip/yanqing/am/h2QX_5.html доступна
2025-02-16 at 20:15: | INFO | Страница по адресу https://www.52shuku.vip/yanqing/am/h2QX_6.html доступна
2025-02-16 at 20:15: | INFO | Страница по адресу https://www.52shuku.vip/yanqing/am/h2QX_7.html доступна
2025-02-16 at 20:15: | INFO | Страница по адресу https://www.52shuku.vip/yanqing/am/h2QX_8.html доступна
2025-02-16 at 20:15: | INFO | Страница по адресу https://www.52shuku.vip/yanqing/am/h2QX_9.html доступна
2025-02-16 at 20:15: | INFO | Страница по адресу https://www.52shuku.vip/yanqing/am/h2QX_10.html доступна
2025-02-16 at 20:15: | INFO | Страница по адресу https://www.52shuku.vip/yanqing/am/h2QX_11.html доступна
2025-02-16 at 20:15: | INFO | Страница по адресу https://www.52shuku.vip/yanqing/am/h2QX_12.html доступна
2025-02-16 at 20:15: | INFO | Страница по адресу https://www.52shuku.vip/yanqing/am/h2QX_13.html доступна
2025-02-16 at 20:15: | INFO | Страница по адресу https://www.52shuku.vip/yanqing/am/h2QX_14.html доступна
2025-02-16 at 20:15: | INFO | Страница по адресу https://www.52shuku.vip/yanqing/am/h2QX_15.html доступна
2025-02-16 at 20:15: | INFO | Страница по адресу https://www.52shuku.vip/yanqing/am/h2QX_16.html доступна
2025-02-16 at 20:15: | INFO | Страница по адресу https://www.52shuku.vip/yanqing/am/h2QX_17.html доступна
2025-02-16 at 20:15: | INFO | Страница по адресу https://www.52shuku.vip/yanqing/am/h2QX_18.html доступна
2025-02-16 at 20:15: | INFO | Страница по адресу https://www.52shuku.vip/yanqing/am/h2QX_19.html доступна
2025-02-16 at 20:15: | INFO | Страница по адресу https://www.52shuku.vip/yanqing/am/h2QX_20.html доступна
2025-02-16 at 20:15: | INFO | Страница по адресу https://www.52shuku.vip/yanqing/am/h2QX_21.html доступна
2025-02-16 at 20:15: | INFO | Страница по адресу https://www.52shuku.vip/yanqing/am/h2QX_22.html доступна
2025-02-16 at 20:15: | INFO | Страница по адресу https://www.52shuku.vip/yanqing/am/h2QX_23.html доступна
2025-02-16 at 20:15: | INFO | Страница по адресу https://www.52shuku.vip/yanqing/am/h2QX_24.html доступна
2025-02-16 at 20:15: | INFO | Страница по адресу https://www.52shuku.vip/yanqing/am/h2QX_25.html доступна
2025-02-16 at 20:15: | INFO | Страница по адресу https://www.52shuku.vip/yanqing/am/h2QX_26.html доступна
2025-02-16 at 20:15: | INFO | Страница по адресу https://www.52shuku.vip/yanqing/am/h2QX_27.html доступна
2025-02-16 at 20:15: | INFO | Страница по адресу https://www.52shuku.vip/yanqing/am/h2QX_28.html доступна
2025-02-16 at 20:15: | INFO | Страница по адресу https://www.52shuku.vip/yanqing/am/h2QX_29.html доступна
2025-02-16 at 20:15: | INFO | Страница по адресу https://www.52shuku.vip/yanqing/am/h2QX_30.html доступна
2025-02-16 at 20:15: | INFO | Страница по адресу https://www.52shuku.vip/yanqing/am/h2QX_31.html доступна
2025-02-16 at 20:15: | INFO | Страница по адресу https://www.52shuku.vip/yanqing/am/h2QX_32.html доступна
2025-02-16 at 20:15: | INFO | Страница по адресу https://www.52shuku.vip/yanqing/am/h2QX_33.html доступна
2025-02-16 at 20:15: | INFO | Страница по адресу https://www.52shuku.vip/yanqing/am/h2QX_34.html доступна
2025-02-16 at 20:15: | INFO | Страница по адресу https://www.52shuku.vip/yanqing/am/h2QX_35.html доступна
2025-02-16 at 20:15: | INFO | Страница по адресу https://www.52shuku.vip/yanqing/am/h2QX_36.html доступна
2025-02-16 at 20:15: | INFO | Страница по адресу https://www.52shuku.vip/yanqing/am/h2QX_37.html доступна
2025-02-16 at 20:15: | INFO | Страница по адресу https://www.52shuku.vip/yanqing/am/h2QX_38.html доступна
2025-02-16 at 20:15: | INFO | Страница по адресу https://www.52shuku.vip/yanqing/am/h2QX_39.html доступна
2025-02-16 at 20:15: | INFO | Страница по адресу https://www.52shuku.vip/yanqing/am/h2QX_40.html доступна
2025-02-16 at 20:15: | INFO | Страница по адресу https://www.52shuku.vip/yanqing/am/h2QX_41.html доступна
2025-02-16 at 20:15: | INFO | Страница по адресу https://www.52shuku.vip/yanqing/am/h2QX_42.html доступна
2025-02-16 at 20:15: | INFO | Страница по адресу https://www.52shuku.vip/yanqing/am/h2QX_43.html доступна
2025-02-16 at 20:15: | INFO | Страница по адресу https://www.52shuku.vip/yanqing/am/h2QX_44.html доступна
2025-02-16 at 20:15: | INFO | Страница по адресу https://www.52shuku.vip/yanqing/am/h2QX_45.html доступна
2025-02-16 at 20:15: | INFO | Страница по адресу https://www.52shuku.vip/yanqing/am/h2QX_46.html доступна
2025-02-16 at 20:15: | INFO | Страница по адресу https://www.52shuku.vip/yanqing/am/h2QX_47.html доступна
2025-02-16 at 20:15: | INFO | Страница по адресу https://www.52shuku.vip/yanqing/am/h2QX_48.html доступна
2025-02-16 at 20:15: | INFO | Страница по адресу https://www.52shuku.vip/yanqing/am/h2QX_49.html доступна
2025-02-16 at 20:15: | INFO | Страница по адресу https://www.52shuku.vip/yanqing/am/h2QX_50.html доступна
2025-02-16 at 20:15: | INFO | Страница по адресу https://www.52shuku.vip/yanqing/am/h2QX_51.html доступна
2025-02-16 at 20:15: | INFO | Страница по адресу https://www.52shuku.vip/yanqing/am/h2QX_52.html доступна
2025-02-16 at 20:15: | INFO | Страница по адресу https://www.52shuku.vip/yanqing/am/h2QX_53.html доступна
2025-02-16 at 20:15: | INFO | Страница по адресу https://www.52shuku.vip/yanqing/am/h2QX_54.html доступна
2025-02-16 at 20:15: | INFO | Страница по адресу https://www.52shuku.vip/yanqing/am/h2QX_55.html доступна
2025-02-16 at 20:15: | INFO | Страница по адресу https://www.52shuku.vip/yanqing/am/h2QX_56.html доступна
2025-02-16 at 20:15: | INFO | Страница по адресу https://www.52shuku.vip/yanqing/am/h2QX_57.html доступна
2025-02-16 at 20:15: | INFO | Страница по адресу https://www.52shuku.vip/yanqing/am/h2QX_58.html доступна
2025-02-16 at 20:15: | INFO | Страница по адресу https://www.52shuku.vip/yanqing/am/h2QX_59.html доступна
2025-02-16 at 20:15: | INFO | Страница по адресу https://www.52shuku.vip/yanqing/am/h2QX_60.html доступна
2025-02-16 at 20:15: | INFO | Страница по адресу https://www.52shuku.vip/yanqing/am/h2QX_61.html доступна
2025-02-16 at 20:15: | INFO | Страница по адресу https://www.52shuku.vip/yanqing/am/h2QX_62.html доступна
2025-02-16 at 20:15: | INFO | Страница по адресу https://www.52shuku.vip/yanqing/am/h2QX_63.html доступна
2025-02-16 at 20:15: | INFO | Страница по адресу https://www.52shuku.vip/yanqing/am/h2QX_64.html доступна
2025-02-16 at 20:15: | INFO | Страница по адресу https://www.52shuku.vip/yanqing/am/h2QX_65.html доступна
2025-02-16 at 20:15: | INFO | Страница по адресу https://www.52shuku.vip/yanqing/am/h2QX_66.html доступна
2025-02-16 at 20:15: | INFO | Страница по адресу https://www.52shuku.vip/yanqing/am/h2QX_67.html доступна
2025-02-16 at 20:15: | INFO | Страница по адресу https://www.52shuku.vip/yanqing/am/h2QX_68.html доступна
2025-02-16 at 20:15: | INFO | Страница по адресу https://www.52shuku.vip/yanqing/am/h2QX_69.html доступна
2025-02-16 at 20:15: | INFO | Страница по адресу https://www.52shuku.vip/yanqing/am/h2QX_70.html доступна
2025-02-16 at 20:15: | INFO | Страница по адресу https://www.52shuku.vip/yanqing/am/h2QX_71.html доступна
2025-02-16 at 20:15: | INFO | Страница по адресу https://www.52shuku.vip/yanqing/am/h2QX_72.html доступна
2025-02-16 at 20:15: | INFO | Страница по адресу https://www.52shuku.vip/yanqing/am/h2QX_73.html доступна
2025-02-16 at 20:15: | INFO | Страница по адресу https://www.52shuku.vip/yanqing/am/h2QX_74.html доступна
2025-02-16 at 20:15: | INFO | Страница по адресу https://www.52shuku.vip/yanqing/am/h2QX_75.html доступна
2025-02-16 at 20:15: | INFO | Страница по адресу https://www.52shuku.vip/yanqing/am/h2QX_76.html доступна
2025-02-16 at 20:15: | INFO | Страница по адресу https://www.52shuku.vip/yanqing/am/h2QX_77.html доступна
2025-02-16 at 20:15: | INFO | Страница по адресу https://www.52shuku.vip/yanqing/am/h2QX_78.html доступна
2025-02-16 at 20:15: | INFO | Страница по адресу https://www.52shuku.vip/yanqing/am/h2QX_79.html доступна
2025-02-16 at 20:15: | INFO | Страница по адресу https://www.52shuku.vip/yanqing/am/h2QX_80.html доступна
2025-02-16 at 20:15: | INFO | Страница по адресу https://www.52shuku.vip/yanqing/am/h2QX_81.html доступна
2025-02-16 at 20:15: | INFO | Страница по адресу https://www.52shuku.vip/yanqing/am/h2QX_82.html доступна
2025-02-16 at 20:15: | INFO | Страница по адресу https://www.52shuku.vip/yanqing/am/h2QX_83.html доступна
2025-02-16 at 20:15: | INFO | Страница по адресу https://www.52shuku.vip/yanqing/am/h2QX_84.html доступна
2025-02-16 at 20:15: | INFO | Страница по адресу https://www.52shuku.vip/yanqing/am/h2QX_85.html доступна
2025-02-16 at 20:15: | INFO | Страница по адресу https://www.52shuku.vip/yanqing/am/h2QX_86.html доступна
2025-02-16 at 20:15: | INFO | Страница по адресу https://www.52shuku.vip/yanqing/am/h2QX_87.html доступна
2025-02-16 at 20:15: | INFO | Страница по адресу https://www.52shuku.vip/yanqing/am/h2QX_88.html доступна
2025-02-16 at 20:15: | INFO | Страница по адресу https://www.52shuku.vip/yanqing/am/h2QX_89.html доступна
2025-02-16 at 20:15: | INFO | Страница по адресу https://www.52shuku.vip/yanqing/am/h2QX_90.html доступна
2025-02-16 at 20:15: | INFO | Страница по адресу https://www.52shuku.vip/yanqing/am/h2QX_91.html доступна
2025-02-16 at 20:15: | INFO | Страница по адресу https://www.52shuku.vip/yanqing/am/h2QX_92.html доступна
2025-02-16 at 20:15: | INFO | Страница по адресу https://www.52shuku.vip/yanqing/am/h2QX_93.html доступна
2025-02-16 at 20:15: | INFO | Страница по адресу https://www.52shuku.vip/yanqing/am/h2QX_94.html доступна
2025-02-16 at 20:15: | INFO | Страница по адресу https://www.52shuku.vip/yanqing/am/h2QX_95.html доступна
2025-02-16 at 20:15: | INFO | Страница по адресу https://www.52shuku.vip/yanqing/am/h2QX_96.html доступна
2025-02-16 at 20:15: | INFO | Страница по адресу https://www.52shuku.vip/yanqing/am/h2QX_97.html доступна
2025-02-16 at 20:15: | INFO | Страница по адресу https://www.52shuku.vip/yanqing/am/h2QX_98.html доступна
2025-02-16 at 20:15: | INFO | Страница по адресу https://www.52shuku.vip/yanqing/am/h2QX_99.html доступна
2025-02-16 at 20:15: | INFO | Страница по адресу https://www.52shuku.vip/yanqing/am/h2QX_100.html доступна
2025-02-16 at 20:15: | INFO | Страница по адресу https://www.52shuku.vip/yanqing/am/h2QX_101.html доступна
2025-02-16 at 20:15: | INFO | Страница по адресу https://www.52shuku.vip/yanqing/am/h2QX_102.html доступна
2025-02-16 at 20:15: | INFO | Страница по адресу https://www.52shuku.vip/yanqing/am/h2QX_103.html доступна
2025-02-16 at 20:15: | INFO | Страница по адресу https://www.52shuku.vip/yanqing/am/h2QX_104.html доступна
2025-02-16 at 20:15: | INFO | Страница по адресу https://www.52shuku.vip/yanqing/am/h2QX_105.html доступна
2025-02-16 at 20:15: | INFO | Страница по адресу https://www.52shuku.vip/yanqing/am/h2QX_106.html доступна
2025-02-16 at 20:15: | INFO | Страница по адресу https://www.52shuku.vip/yanqing/am/h2QX_107.html доступна
2025-02-16 at 20:15: | INFO | Страница по адресу https://www.52shuku.vip/yanqing/am/h2QX_108.html доступна
2025-02-16 at 20:15: | INFO | Страница по адресу https://www.52shuku.vip/yanqing/am/h2QX_109.html доступна
2025-02-16 at 20:15: | INFO | Страница по адресу https://www.52shuku.vip/yanqing/am/h2QX_110.html доступна
2025-02-16 at 20:15: | INFO | Страница по адресу https://www.52shuku.vip/yanqing/am/h2QX_111.html доступна
2025-02-16 at 20:15: | INFO | Страница по адресу https://www.52shuku.vip/yanqing/am/h2QX_112.html доступна
2025-02-16 at 20:15: | INFO | Страница по адресу https://www.52shuku.vip/yanqing/am/h2QX_113.html доступна
2025-02-16 at 20:15: | INFO | Страница по адресу https://www.52shuku.vip/yanqing/am/h2QX_114.html доступна
2025-02-16 at 20:15: | INFO | Страница по адресу https://www.52shuku.vip/yanqing/am/h2QX_115.html доступна
2025-02-16 at 20:15: | INFO | Страница по адресу https://www.52shuku.vip/yanqing/am/h2QX_116.html доступна
2025-02-16 at 20:15: | INFO | Страница по адресу https://www.52shuku.vip/yanqing/am/h2QX_117.html доступна
2025-02-16 at 20:15: | INFO | Страница по адресу https://www.52shuku.vip/yanqing/am/h2QX_118.html доступна
2025-02-16 at 20:15: | INFO | Страница по адресу https://www.52shuku.vip/yanqing/am/h2QX_119.html доступна
2025-02-16 at 20:15: | INFO | Страница по адресу https://www.52shuku.vip/yanqing/am/h2QX_120.html доступна
2025-02-16 at 20:15: | INFO | Страница по адресу https://www.52shuku.vip/yanqing/am/h2QX_121.html доступна
2025-02-16 at 20:15: | INFO | Страница по адресу https://www.52shuku.vip/yanqing/am/h2QX_122.html доступна
2025-02-16 at 20:15: | INFO | Страница по адресу https://www.52shuku.vip/yanqing/am/h2QX_123.html доступна
2025-02-16 at 20:15: | INFO | Страница по адресу https://www.52shuku.vip/yanqing/am/h2QX_124.html доступна
2025-02-16 at 20:15: | INFO | Страница по адресу https://www.52shuku.vip/yanqing/am/h2QX_125.html доступна
2025-02-16 at 20:15: | INFO | Страница по адресу https://www.52shuku.vip/yanqing/am/h2QX_126.html доступна
2025-02-16 at 20:15: | INFO | Страница по адресу https://www.52shuku.vip/yanqing/am/h2QX_127.html доступна
2025-02-16 at 20:15: | INFO | Страница по адресу https://www.52shuku.vip/yanqing/am/h2QX_128.html доступна
2025-02-16 at 20:15: | INFO | Страница по адресу https://www.52shuku.vip/yanqing/am/h2QX_129.html доступна
2025-02-16 at 20:15: | INFO | Страница по адресу https://www.52shuku.vip/yanqing/am/h2QX_130.html доступна
2025-02-16 at 20:15: | INFO | Страница по адресу https://www.52shuku.vip/yanqing/am/h2QX_131.html доступна
2025-02-16 at 20:15: | INFO | Страница по адресу https://www.52shuku.vip/yanqing/am/h2QX_132.html доступна
2025-02-16 at 20:15: | INFO | Страница по адресу https://www.52shuku.vip/yanqing/am/h2QX_133.html доступна
2025-02-16 at 20:15: | INFO | Страница по адресу https://www.52shuku.vip/yanqing/am/h2QX_134.html доступна
2025-02-16 at 20:15: | INFO | Страница по адресу https://www.52shuku.vip/yanqing/am/h2QX_135.html доступна
2025-02-16 at 20:15: | INFO | Страница по адресу https://www.52shuku.vip/yanqing/am/h2QX_136.html доступна
2025-02-16 at 20:15: | INFO | Страница по адресу https://www.52shuku.vip/yanqing/am/h2QX_137.html доступна
2025-02-16 at 20:15: | INFO | Страница по адресу https://www.52shuku.vip/yanqing/am/h2QX_138.html доступна
2025-02-16 at 20:15: | INFO | Страница по адресу https://www.52shuku.vip/yanqing/am/h2QX_139.html доступна
2025-02-16 at 20:15: | INFO | Страница по адресу https://www.52shuku.vip/yanqing/am/h2QX_140.html доступна
2025-02-16 at 20:15: | INFO | Страница по адресу https://www.52shuku.vip/yanqing/am/h2QX_141.html доступна
2025-02-16 at 20:15: | INFO | Страница по адресу https://www.52shuku.vip/yanqing/am/h2QX_142.html доступна
2025-02-16 at 20:15: | INFO | Страница по адресу https://www.52shuku.vip/yanqing/am/h2QX_143.html доступна
2025-02-16 at 20:15: | INFO | Страница по адресу https://www.52shuku.vip/yanqing/am/h2QX_144.html доступна
2025-02-16 at 20:15: | INFO | Страница по адресу https://www.52shuku.vip/yanqing/am/h2QX_145.html доступна
2025-02-16 at 20:15: | INFO | Страница по адресу https://www.52shuku.vip/yanqing/am/h2QX_146.html доступна
2025-02-16 at 20:15: | INFO | Страница по адресу https://www.52shuku.vip/yanqing/am/h2QX_147.html доступна
2025-02-16 at 20:15: | INFO | Страница по адресу https://www.52shuku.vip/yanqing/am/h2QX_148.html доступна
2025-02-16 at 20:15: | INFO | Страница по адресу https://www.52shuku.vip/yanqing/am/h2QX_149.html доступна
2025-02-16 at 20:15: | INFO | Страница по адресу https://www.52shuku.vip/yanqing/am/h2QX_150.html доступна
2025-02-16 at 20:15: | INFO | Страница по адресу https://www.52shuku.vip/yanqing/am/h2QX_151.html доступна
2025-02-16 at 20:15: | INFO | Страница по адресу https://www.52shuku.vip/yanqing/am/h2QX_152.html доступна
2025-02-16 at 20:15: | INFO | Страница по адресу https://www.52shuku.vip/yanqing/am/h2QX_153.html доступна
2025-02-16 at 20:15: | INFO | Страница по адресу https://www.52shuku.vip/yanqing/am/h2QX_154.html доступна
2025-02-16 at 20:15: | INFO | Страница по адресу https://www.52shuku.vip/yanqing/am/h2QX_155.html доступна
2025-02-16 at 20:15: | INFO | Страница по адресу https://www.52shuku.vip/yanqing/am/h2QX_156.html доступна
2025-02-16 at 20:15: | INFO | Страница по адресу https://www.52shuku.vip/yanqing/am/h2QX_157.html доступна
2025-02-16 at 20:15: | INFO | Страница по адресу https://www.52shuku.vip/yanqing/am/h2QX_158.html доступна
2025-02-16 at 20:15: | INFO | Страница по адресу https://www.52shuku.vip/yanqing/am/h2QX_159.html доступна
2025-02-16 at 20:15: | INFO | Страница по адресу https://www.52shuku.vip/yanqing/am/h2QX_160.html доступна
2025-02-16 at 20:15: | INFO | Страница по адресу https://www.52shuku.vip/yanqing/am/h2QX_161.html доступна
2025-02-16 at 20:15: | INFO | Страница по адресу https://www.52shuku.vip/yanqing/am/h2QX_162.html доступна
2025-02-16 at 20:15: | INFO | Страница по адресу https://www.52shuku.vip/yanqing/am/h2QX_163.html доступна
2025-02-16 at 20:15: | INFO | Страница по адресу https://www.52shuku.vip/yanqing/am/h2QX_164.html доступна
2025-02-16 at 20:15: | INFO | Страница по адресу https://www.52shuku.vip/yanqing/am/h2QX_165.html доступна
2025-02-16 at 20:15: | INFO | Страница по адресу https://www.52shuku.vip/yanqing/am/h2QX_166.html доступна
2025-02-16 at 20:15: | INFO | Страница по адресу https://www.52shuku.vip/yanqing/am/h2QX_167.html доступна
2025-02-16 at 20:15: | INFO | Страница по адресу https://www.52shuku.vip/yanqing/am/h2QX_168.html доступна
2025-02-16 at 20:15: | INFO | Страница по адресу https://www.52shuku.vip/yanqing/am/h2QX_169.html доступна
2025-02-16 at 20:15: | INFO | Страница по адресу https://www.52shuku.vip/yanqing/am/h2QX_170.html доступна
2025-02-16 at 20:15: | INFO | Страница по адресу https://www.52shuku.vip/yanqing/am/h2QX_171.html доступна
2025-02-16 at 20:15: | INFO | Страница по адресу https://www.52shuku.vip/yanqing/am/h2QX_172.html доступна
2025-02-16 at 20:15: | INFO | Страница по адресу https://www.52shuku.vip/yanqing/am/h2QX_173.html доступна
2025-02-16 at 20:15: | INFO | Страница по адресу https://www.52shuku.vip/yanqing/am/h2QX_174.html доступна
2025-02-16 at 20:15: | INFO | Страница по адресу https://www.52shuku.vip/yanqing/am/h2QX_175.html доступна
2025-02-16 at 20:15: | INFO | Страница по адресу https://www.52shuku.vip/yanqing/am/h2QX_176.html доступна
2025-02-16 at 20:15: | INFO | Страница по адресу https://www.52shuku.vip/yanqing/am/h2QX_177.html доступна
2025-02-16 at 20:15: | INFO | Страница по адресу https://www.52shuku.vip/yanqing/am/h2QX_178.html доступна
2025-02-16 at 20:15: | INFO | Страница по адресу https://www.52shuku.vip/yanqing/am/h2QX_179.html доступна
2025-02-16 at 20:15: | INFO | Страница по адресу https://www.52shuku.vip/yanqing/am/h2QX_180.html доступна
2025-02-16 at 20:15: | INFO | Страница по адресу https://www.52shuku.vip/yanqing/am/h2QX_181.html доступна
2025-02-16 at 20:15: | INFO | Страница по адресу https://www.52shuku.vip/yanqing/am/h2QX_182.html доступна
2025-02-16 at 20:15: | INFO | Страница по адресу https://www.52shuku.vip/yanqing/am/h2QX_183.html доступна
2025-02-16 at 20:15: | INFO | Страница по адресу https://www.52shuku.vip/yanqing/am/h2QX_184.html доступна
2025-02-16 at 20:15: | INFO | Страница по адресу https://www.52shuku.vip/yanqing/am/h2QX_185.html доступна
2025-02-16 at 20:15: | INFO | Страница по адресу https://www.52shuku.vip/yanqing/am/h2QX_186.html доступна
2025-02-16 at 20:15: | INFO | Страница по адресу https://www.52shuku.vip/yanqing/am/h2QX_187.html доступна
2025-02-16 at 20:15: | INFO | Страница по адресу https://www.52shuku.vip/yanqing/am/h2QX_188.html доступна
2025-02-16 at 20:15: | INFO | Страница по адресу https://www.52shuku.vip/yanqing/am/h2QX_189.html доступна
2025-02-16 at 20:15: | INFO | Страница по адресу https://www.52shuku.vip/yanqing/am/h2QX_190.html доступна
2025-02-16 at 20:15: | INFO | Страница по адресу https://www.52shuku.vip/yanqing/am/h2QX_191.html доступна
2025-02-16 at 20:15: | INFO | Страница по адресу https://www.52shuku.vip/yanqing/am/h2QX_192.html доступна
2025-02-16 at 20:15: | INFO | Страница по адресу https://www.52shuku.vip/yanqing/am/h2QX_193.html доступна
2025-02-16 at 20:15: | INFO | Страница по адресу https://www.52shuku.vip/yanqing/am/h2QX_194.html доступна
2025-02-16 at 20:15: | INFO | Страница по адресу https://www.52shuku.vip/yanqing/am/h2QX_195.html доступна
2025-02-16 at 20:15: | INFO | Страница по адресу https://www.52shuku.vip/yanqing/am/h2QX_196.html доступна
2025-02-16 at 20:16: | INFO | Страница по адресу https://www.52shuku.vip/yanqing/am/h2QX_197.html доступна
2025-02-16 at 20:16: | INFO | Страница по адресу https://www.52shuku.vip/yanqing/am/h2QX_198.html доступна
2025-02-16 at 20:16: | INFO | Страница по адресу https://www.52shuku.vip/yanqing/am/h2QX_199.html доступна
2025-02-16 at 20:16: | INFO | Страница по адресу https://www.52shuku.vip/yanqing/am/h2QX_200.html доступна
2025-02-16 at 20:16: | INFO | Страница по адресу https://www.52shuku.vip/yanqing/am/h2QX_201.html доступна
2025-02-16 at 20:16: | INFO | Страница по адресу https://www.52shuku.vip/yanqing/am/h2QX_202.html доступна
2025-02-16 at 20:16: | INFO | Страница по адресу https://www.52shuku.vip/yanqing/am/h2QX_203.html доступна
2025-02-16 at 20:16: | INFO | Страница по адресу https://www.52shuku.vip/yanqing/am/h2QX_204.html доступна
2025-02-16 at 20:16: | INFO | Страница по адресу https://www.52shuku.vip/yanqing/am/h2QX_205.html доступна
2025-02-16 at 20:16: | INFO | Страница по адресу https://www.52shuku.vip/yanqing/am/h2QX_206.html доступна
2025-02-16 at 20:16: | INFO | Страница по адресу https://www.52shuku.vip/yanqing/am/h2QX_207.html доступна
2025-02-16 at 20:16: | INFO | Страница по адресу https://www.52shuku.vip/yanqing/am/h2QX_208.html доступна
2025-02-16 at 20:16: | INFO | Страница по адресу https://www.52shuku.vip/yanqing/am/h2QX_209.html доступна
2025-02-16 at 20:16: | INFO | Страница по адресу https://www.52shuku.vip/yanqing/am/h2QX_210.html доступна
2025-02-16 at 20:16: | INFO | Страница по адресу https://www.52shuku.vip/yanqing/am/h2QX_211.html доступна
2025-02-16 at 20:16: | INFO | Страница по адресу https://www.52shuku.vip/yanqing/am/h2QX_212.html доступна
2025-02-16 at 20:16: | INFO | Страница по адресу https://www.52shuku.vip/yanqing/am/h2QX_213.html доступна
2025-02-16 at 20:16: | INFO | Страница по адресу https://www.52shuku.vip/yanqing/am/h2QX_214.html доступна
2025-02-16 at 20:16: | INFO | Страница по адресу https://www.52shuku.vip/yanqing/am/h2QX_215.html доступна
2025-02-16 at 20:16: | INFO | Страница по адресу https://www.52shuku.vip/yanqing/am/h2QX_216.html доступна
2025-02-16 at 20:16: | INFO | Страница по адресу https://www.52shuku.vip/yanqing/am/h2QX_217.html доступна
2025-02-16 at 20:16: | INFO | Страница по адресу https://www.52shuku.vip/yanqing/am/h2QX_218.html доступна
2025-02-16 at 20:16: | INFO | Страница по адресу https://www.52shuku.vip/yanqing/am/h2QX_219.html доступна
2025-02-16 at 20:16: | INFO | Страница по адресу https://www.52shuku.vip/yanqing/am/h2QX_220.html доступна
2025-02-16 at 20:16: | INFO | Страница по адресу https://www.52shuku.vip/yanqing/am/h2QX_221.html доступна
2025-02-16 at 20:16: | INFO | Страница по адресу https://www.52shuku.vip/yanqing/am/h2QX_222.html доступна
2025-02-16 at 20:16: | INFO | Главы новеллы записаны в файл test.json
2025-02-16 at 20:20: | INFO | Страница по адресу https://www.52shuku.vip/yanqing/am/h2QX.html доступна
2025-02-16 at 20:20: | INFO | Все ссылки на главы новеллы test собранны
2025-02-16 at 20:20: | INFO | Страница по адресу https://www.52shuku.vip/yanqing/am/h2QX_2.html доступна
2025-02-16 at 20:20: | INFO | Страница по адресу https://www.52shuku.vip/yanqing/am/h2QX_3.html доступна
2025-02-16 at 20:20: | INFO | Страница по адресу https://www.52shuku.vip/yanqing/am/h2QX_4.html доступна
2025-02-16 at 20:20: | INFO | Страница по адресу https://www.52shuku.vip/yanqing/am/h2QX_5.html доступна
2025-02-16 at 20:20: | INFO | Страница по адресу https://www.52shuku.vip/yanqing/am/h2QX_6.html доступна
2025-02-16 at 20:20: | INFO | Страница по адресу https://www.52shuku.vip/yanqing/am/h2QX_7.html доступна
2025-02-16 at 20:20: | INFO | Страница по адресу https://www.52shuku.vip/yanqing/am/h2QX_8.html доступна
2025-02-16 at 20:20: | INFO | Страница по адресу https://www.52shuku.vip/yanqing/am/h2QX_9.html доступна
2025-02-16 at 20:20: | INFO | Страница по адресу https://www.52shuku.vip/yanqing/am/h2QX_10.html доступна
2025-02-16 at 20:20: | INFO | Страница по адресу https://www.52shuku.vip/yanqing/am/h2QX_11.html доступна
2025-02-16 at 20:20: | INFO | Страница по адресу https://www.52shuku.vip/yanqing/am/h2QX_12.html доступна
2025-02-16 at 20:20: | INFO | Страница по адресу https://www.52shuku.vip/yanqing/am/h2QX_13.html доступна
2025-02-16 at 20:20: | INFO | Страница по адресу https://www.52shuku.vip/yanqing/am/h2QX_14.html доступна
2025-02-16 at 20:20: | INFO | Страница по адресу https://www.52shuku.vip/yanqing/am/h2QX_15.html доступна
2025-02-16 at 20:20: | INFO | Страница по адресу https://www.52shuku.vip/yanqing/am/h2QX_16.html доступна
2025-02-16 at 20:20: | INFO | Страница по адресу https://www.52shuku.vip/yanqing/am/h2QX_17.html доступна
2025-02-16 at 20:20: | INFO | Страница по адресу https://www.52shuku.vip/yanqing/am/h2QX_18.html доступна
2025-02-16 at 20:20: | INFO | Страница по адресу https://www.52shuku.vip/yanqing/am/h2QX_19.html доступна
2025-02-16 at 20:20: | INFO | Страница по адресу https://www.52shuku.vip/yanqing/am/h2QX_20.html доступна
2025-02-16 at 20:20: | INFO | Страница по адресу https://www.52shuku.vip/yanqing/am/h2QX_21.html доступна
2025-02-16 at 20:20: | INFO | Страница по адресу https://www.52shuku.vip/yanqing/am/h2QX_22.html доступна
2025-02-16 at 20:20: | INFO | Страница по адресу https://www.52shuku.vip/yanqing/am/h2QX_23.html доступна
2025-02-16 at 20:20: | INFO | Страница по адресу https://www.52shuku.vip/yanqing/am/h2QX_24.html доступна
2025-02-16 at 20:20: | INFO | Страница по адресу https://www.52shuku.vip/yanqing/am/h2QX_25.html доступна
2025-02-16 at 20:20: | INFO | Страница по адресу https://www.52shuku.vip/yanqing/am/h2QX_26.html доступна
2025-02-16 at 20:20: | INFO | Страница по адресу https://www.52shuku.vip/yanqing/am/h2QX_27.html доступна
2025-02-16 at 20:20: | INFO | Страница по адресу https://www.52shuku.vip/yanqing/am/h2QX_28.html доступна
2025-02-16 at 20:20: | INFO | Страница по адресу https://www.52shuku.vip/yanqing/am/h2QX_29.html доступна
2025-02-16 at 20:20: | INFO | Страница по адресу https://www.52shuku.vip/yanqing/am/h2QX_30.html доступна
2025-02-16 at 20:20: | INFO | Страница по адресу https://www.52shuku.vip/yanqing/am/h2QX_31.html доступна
2025-02-16 at 20:20: | INFO | Страница по адресу https://www.52shuku.vip/yanqing/am/h2QX_32.html доступна
2025-02-16 at 20:20: | INFO | Страница по адресу https://www.52shuku.vip/yanqing/am/h2QX_33.html доступна
2025-02-16 at 20:20: | INFO | Страница по адресу https://www.52shuku.vip/yanqing/am/h2QX_34.html доступна
2025-02-16 at 20:20: | INFO | Страница по адресу https://www.52shuku.vip/yanqing/am/h2QX_35.html доступна
2025-02-16 at 20:20: | INFO | Страница по адресу https://www.52shuku.vip/yanqing/am/h2QX_36.html доступна
2025-02-16 at 20:20: | INFO | Страница по адресу https://www.52shuku.vip/yanqing/am/h2QX_37.html доступна
2025-02-16 at 20:20: | INFO | Страница по адресу https://www.52shuku.vip/yanqing/am/h2QX_38.html доступна
2025-02-16 at 20:20: | INFO | Страница по адресу https://www.52shuku.vip/yanqing/am/h2QX_39.html доступна
2025-02-16 at 20:20: | INFO | Страница по адресу https://www.52shuku.vip/yanqing/am/h2QX_40.html доступна
2025-02-16 at 20:20: | INFO | Страница по адресу https://www.52shuku.vip/yanqing/am/h2QX_41.html доступна
2025-02-16 at 20:20: | INFO | Страница по адресу https://www.52shuku.vip/yanqing/am/h2QX_42.html доступна
2025-02-16 at 20:20: | INFO | Страница по адресу https://www.52shuku.vip/yanqing/am/h2QX_43.html доступна
2025-02-16 at 20:20: | INFO | Страница по адресу https://www.52shuku.vip/yanqing/am/h2QX_44.html доступна
2025-02-16 at 20:20: | INFO | Страница по адресу https://www.52shuku.vip/yanqing/am/h2QX_45.html доступна
2025-02-16 at 20:20: | INFO | Страница по адресу https://www.52shuku.vip/yanqing/am/h2QX_46.html доступна
2025-02-16 at 20:20: | INFO | Страница по адресу https://www.52shuku.vip/yanqing/am/h2QX_47.html доступна
2025-02-16 at 20:20: | INFO | Страница по адресу https://www.52shuku.vip/yanqing/am/h2QX_48.html доступна
2025-02-16 at 20:20: | INFO | Страница по адресу https://www.52shuku.vip/yanqing/am/h2QX_49.html доступна
2025-02-16 at 20:20: | INFO | Страница по адресу https://www.52shuku.vip/yanqing/am/h2QX_50.html доступна
2025-02-16 at 20:20: | INFO | Страница по адресу https://www.52shuku.vip/yanqing/am/h2QX_51.html доступна
2025-02-16 at 20:20: | INFO | Страница по адресу https://www.52shuku.vip/yanqing/am/h2QX_52.html доступна
2025-02-16 at 20:20: | INFO | Страница по адресу https://www.52shuku.vip/yanqing/am/h2QX_53.html доступна
2025-02-16 at 20:20: | INFO | Страница по адресу https://www.52shuku.vip/yanqing/am/h2QX_54.html доступна
2025-02-16 at 20:20: | INFO | Страница по адресу https://www.52shuku.vip/yanqing/am/h2QX_55.html доступна
2025-02-16 at 20:20: | INFO | Страница по адресу https://www.52shuku.vip/yanqing/am/h2QX_56.html доступна
2025-02-16 at 20:20: | INFO | Страница по адресу https://www.52shuku.vip/yanqing/am/h2QX_57.html доступна
2025-02-16 at 20:20: | INFO | Страница по адресу https://www.52shuku.vip/yanqing/am/h2QX_58.html доступна
2025-02-16 at 20:20: | INFO | Страница по адресу https://www.52shuku.vip/yanqing/am/h2QX_59.html доступна
2025-02-16 at 20:20: | INFO | Страница по адресу https://www.52shuku.vip/yanqing/am/h2QX_60.html доступна
2025-02-16 at 20:20: | INFO | Страница по адресу https://www.52shuku.vip/yanqing/am/h2QX_61.html доступна
2025-02-16 at 20:20: | INFO | Страница по адресу https://www.52shuku.vip/yanqing/am/h2QX_62.html доступна
2025-02-16 at 20:20: | INFO | Страница по адресу https://www.52shuku.vip/yanqing/am/h2QX_63.html доступна
2025-02-16 at 20:20: | INFO | Страница по адресу https://www.52shuku.vip/yanqing/am/h2QX_64.html доступна
2025-02-16 at 20:20: | INFO | Страница по адресу https://www.52shuku.vip/yanqing/am/h2QX_65.html доступна
2025-02-16 at 20:20: | INFO | Страница по адресу https://www.52shuku.vip/yanqing/am/h2QX_66.html доступна
2025-02-16 at 20:20: | INFO | Страница по адресу https://www.52shuku.vip/yanqing/am/h2QX_67.html доступна
2025-02-16 at 20:20: | INFO | Страница по адресу https://www.52shuku.vip/yanqing/am/h2QX_68.html доступна
2025-02-16 at 20:20: | INFO | Страница по адресу https://www.52shuku.vip/yanqing/am/h2QX_69.html доступна
2025-02-16 at 20:20: | INFO | Страница по адресу https://www.52shuku.vip/yanqing/am/h2QX_70.html доступна
2025-02-16 at 20:20: | INFO | Страница по адресу https://www.52shuku.vip/yanqing/am/h2QX_71.html доступна
2025-02-16 at 20:20: | INFO | Страница по адресу https://www.52shuku.vip/yanqing/am/h2QX_72.html доступна
2025-02-16 at 20:20: | INFO | Страница по адресу https://www.52shuku.vip/yanqing/am/h2QX_73.html доступна
2025-02-16 at 20:20: | INFO | Страница по адресу https://www.52shuku.vip/yanqing/am/h2QX_74.html доступна
2025-02-16 at 20:20: | INFO | Страница по адресу https://www.52shuku.vip/yanqing/am/h2QX_75.html доступна
2025-02-16 at 20:20: | INFO | Страница по адресу https://www.52shuku.vip/yanqing/am/h2QX_76.html доступна
2025-02-16 at 20:20: | INFO | Страница по адресу https://www.52shuku.vip/yanqing/am/h2QX_77.html доступна
2025-02-16 at 20:20: | INFO | Страница по адресу https://www.52shuku.vip/yanqing/am/h2QX_78.html доступна
2025-02-16 at 20:20: | INFO | Страница по адресу https://www.52shuku.vip/yanqing/am/h2QX_79.html доступна
2025-02-16 at 20:20: | INFO | Страница по адресу https://www.52shuku.vip/yanqing/am/h2QX_80.html доступна
2025-02-16 at 20:20: | INFO | Страница по адресу https://www.52shuku.vip/yanqing/am/h2QX_81.html доступна
2025-02-16 at 20:20: | INFO | Страница по адресу https://www.52shuku.vip/yanqing/am/h2QX_82.html доступна
2025-02-16 at 20:20: | INFO | Страница по адресу https://www.52shuku.vip/yanqing/am/h2QX_83.html доступна
2025-02-16 at 20:20: | INFO | Страница по адресу https://www.52shuku.vip/yanqing/am/h2QX_84.html доступна
2025-02-16 at 20:20: | INFO | Страница по адресу https://www.52shuku.vip/yanqing/am/h2QX_85.html доступна
2025-02-16 at 20:20: | INFO | Страница по адресу https://www.52shuku.vip/yanqing/am/h2QX_86.html доступна
2025-02-16 at 20:20: | INFO | Страница по адресу https://www.52shuku.vip/yanqing/am/h2QX_87.html доступна
2025-02-16 at 20:20: | INFO | Страница по адресу https://www.52shuku.vip/yanqing/am/h2QX_88.html доступна
2025-02-16 at 20:20: | INFO | Страница по адресу https://www.52shuku.vip/yanqing/am/h2QX_89.html доступна
2025-02-16 at 20:20: | INFO | Страница по адресу https://www.52shuku.vip/yanqing/am/h2QX_90.html доступна
2025-02-16 at 20:20: | INFO | Страница по адресу https://www.52shuku.vip/yanqing/am/h2QX_91.html доступна
2025-02-16 at 20:20: | INFO | Страница по адресу https://www.52shuku.vip/yanqing/am/h2QX_92.html доступна
2025-02-16 at 20:20: | INFO | Страница по адресу https://www.52shuku.vip/yanqing/am/h2QX_93.html доступна
2025-02-16 at 20:20: | INFO | Страница по адресу https://www.52shuku.vip/yanqing/am/h2QX_94.html доступна
2025-02-16 at 20:20: | INFO | Страница по адресу https://www.52shuku.vip/yanqing/am/h2QX_95.html доступна
2025-02-16 at 20:20: | INFO | Страница по адресу https://www.52shuku.vip/yanqing/am/h2QX_96.html доступна
2025-02-16 at 20:20: | INFO | Страница по адресу https://www.52shuku.vip/yanqing/am/h2QX_97.html доступна
2025-02-16 at 20:20: | INFO | Страница по адресу https://www.52shuku.vip/yanqing/am/h2QX_98.html доступна
2025-02-16 at 20:20: | INFO | Страница по адресу https://www.52shuku.vip/yanqing/am/h2QX_99.html доступна
2025-02-16 at 20:20: | INFO | Страница по адресу https://www.52shuku.vip/yanqing/am/h2QX_100.html доступна
2025-02-16 at 20:20: | INFO | Страница по адресу https://www.52shuku.vip/yanqing/am/h2QX_101.html доступна
2025-02-16 at 20:20: | INFO | Страница по адресу https://www.52shuku.vip/yanqing/am/h2QX_102.html доступна
2025-02-16 at 20:20: | INFO | Страница по адресу https://www.52shuku.vip/yanqing/am/h2QX_103.html доступна
2025-02-16 at 20:20: | INFO | Страница по адресу https://www.52shuku.vip/yanqing/am/h2QX_104.html доступна
2025-02-16 at 20:20: | INFO | Страница по адресу https://www.52shuku.vip/yanqing/am/h2QX_105.html доступна
2025-02-16 at 20:20: | INFO | Страница по адресу https://www.52shuku.vip/yanqing/am/h2QX_106.html доступна
2025-02-16 at 20:20: | INFO | Страница по адресу https://www.52shuku.vip/yanqing/am/h2QX_107.html доступна
2025-02-16 at 20:20: | INFO | Страница по адресу https://www.52shuku.vip/yanqing/am/h2QX_108.html доступна
2025-02-16 at 20:20: | INFO | Страница по адресу https://www.52shuku.vip/yanqing/am/h2QX_109.html доступна
2025-02-16 at 20:20: | INFO | Страница по адресу https://www.52shuku.vip/yanqing/am/h2QX_110.html доступна
2025-02-16 at 20:20: | INFO | Страница по адресу https://www.52shuku.vip/yanqing/am/h2QX_111.html доступна
2025-02-16 at 20:20: | INFO | Страница по адресу https://www.52shuku.vip/yanqing/am/h2QX_112.html доступна
2025-02-16 at 20:20: | INFO | Страница по адресу https://www.52shuku.vip/yanqing/am/h2QX_113.html доступна
2025-02-16 at 20:20: | INFO | Страница по адресу https://www.52shuku.vip/yanqing/am/h2QX_114.html доступна
2025-02-16 at 20:20: | INFO | Страница по адресу https://www.52shuku.vip/yanqing/am/h2QX_115.html доступна
2025-02-16 at 20:20: | INFO | Страница по адресу https://www.52shuku.vip/yanqing/am/h2QX_116.html доступна
2025-02-16 at 20:20: | INFO | Страница по адресу https://www.52shuku.vip/yanqing/am/h2QX_117.html доступна
2025-02-16 at 20:20: | INFO | Страница по адресу https://www.52shuku.vip/yanqing/am/h2QX_118.html доступна
2025-02-16 at 20:20: | INFO | Страница по адресу https://www.52shuku.vip/yanqing/am/h2QX_119.html доступна
2025-02-16 at 20:20: | INFO | Страница по адресу https://www.52shuku.vip/yanqing/am/h2QX_120.html доступна
2025-02-16 at 20:20: | INFO | Страница по адресу https://www.52shuku.vip/yanqing/am/h2QX_121.html доступна
2025-02-16 at 20:20: | INFO | Страница по адресу https://www.52shuku.vip/yanqing/am/h2QX_122.html доступна
2025-02-16 at 20:20: | INFO | Страница по адресу https://www.52shuku.vip/yanqing/am/h2QX_123.html доступна
2025-02-16 at 20:20: | INFO | Страница по адресу https://www.52shuku.vip/yanqing/am/h2QX_124.html доступна
2025-02-16 at 20:20: | INFO | Страница по адресу https://www.52shuku.vip/yanqing/am/h2QX_125.html доступна
2025-02-16 at 20:20: | INFO | Страница по адресу https://www.52shuku.vip/yanqing/am/h2QX_126.html доступна
2025-02-16 at 20:20: | INFO | Страница по адресу https://www.52shuku.vip/yanqing/am/h2QX_127.html доступна
2025-02-16 at 20:20: | INFO | Страница по адресу https://www.52shuku.vip/yanqing/am/h2QX_128.html доступна
2025-02-16 at 20:20: | INFO | Страница по адресу https://www.52shuku.vip/yanqing/am/h2QX_129.html доступна
2025-02-16 at 20:20: | INFO | Страница по адресу https://www.52shuku.vip/yanqing/am/h2QX_130.html доступна
2025-02-16 at 20:20: | INFO | Страница по адресу https://www.52shuku.vip/yanqing/am/h2QX_131.html доступна
2025-02-16 at 20:20: | INFO | Страница по адресу https://www.52shuku.vip/yanqing/am/h2QX_132.html доступна
2025-02-16 at 20:20: | INFO | Страница по адресу https://www.52shuku.vip/yanqing/am/h2QX_133.html доступна
2025-02-16 at 20:20: | INFO | Страница по адресу https://www.52shuku.vip/yanqing/am/h2QX_134.html доступна
2025-02-16 at 20:20: | INFO | Страница по адресу https://www.52shuku.vip/yanqing/am/h2QX_135.html доступна
2025-02-16 at 20:20: | INFO | Страница по адресу https://www.52shuku.vip/yanqing/am/h2QX_136.html доступна
2025-02-16 at 20:20: | INFO | Страница по адресу https://www.52shuku.vip/yanqing/am/h2QX_137.html доступна
2025-02-16 at 20:20: | INFO | Страница по адресу https://www.52shuku.vip/yanqing/am/h2QX_138.html доступна
2025-02-16 at 20:20: | INFO | Страница по адресу https://www.52shuku.vip/yanqing/am/h2QX_139.html доступна
2025-02-16 at 20:20: | INFO | Страница по адресу https://www.52shuku.vip/yanqing/am/h2QX_140.html доступна
2025-02-16 at 20:20: | INFO | Страница по адресу https://www.52shuku.vip/yanqing/am/h2QX_141.html доступна
2025-02-16 at 20:20: | INFO | Страница по адресу https://www.52shuku.vip/yanqing/am/h2QX_142.html доступна
2025-02-16 at 20:20: | INFO | Страница по адресу https://www.52shuku.vip/yanqing/am/h2QX_143.html доступна
2025-02-16 at 20:20: | INFO | Страница по адресу https://www.52shuku.vip/yanqing/am/h2QX_144.html доступна
2025-02-16 at 20:20: | INFO | Страница по адресу https://www.52shuku.vip/yanqing/am/h2QX_145.html доступна
2025-02-16 at 20:20: | INFO | Страница по адресу https://www.52shuku.vip/yanqing/am/h2QX_146.html доступна
2025-02-16 at 20:20: | INFO | Страница по адресу https://www.52shuku.vip/yanqing/am/h2QX_147.html доступна
2025-02-16 at 20:20: | INFO | Страница по адресу https://www.52shuku.vip/yanqing/am/h2QX_148.html доступна
2025-02-16 at 20:20: | INFO | Страница по адресу https://www.52shuku.vip/yanqing/am/h2QX_149.html доступна
2025-02-16 at 20:20: | INFO | Страница по адресу https://www.52shuku.vip/yanqing/am/h2QX_150.html доступна
2025-02-16 at 20:20: | INFO | Страница по адресу https://www.52shuku.vip/yanqing/am/h2QX_151.html доступна
2025-02-16 at 20:20: | INFO | Страница по адресу https://www.52shuku.vip/yanqing/am/h2QX_152.html доступна
2025-02-16 at 20:20: | INFO | Страница по адресу https://www.52shuku.vip/yanqing/am/h2QX_153.html доступна
2025-02-16 at 20:20: | INFO | Страница по адресу https://www.52shuku.vip/yanqing/am/h2QX_154.html доступна
2025-02-16 at 20:20: | INFO | Страница по адресу https://www.52shuku.vip/yanqing/am/h2QX_155.html доступна
2025-02-16 at 20:20: | INFO | Страница по адресу https://www.52shuku.vip/yanqing/am/h2QX_156.html доступна
2025-02-16 at 20:20: | INFO | Страница по адресу https://www.52shuku.vip/yanqing/am/h2QX_157.html доступна
2025-02-16 at 20:20: | INFO | Страница по адресу https://www.52shuku.vip/yanqing/am/h2QX_158.html доступна
2025-02-16 at 20:20: | INFO | Страница по адресу https://www.52shuku.vip/yanqing/am/h2QX_159.html доступна
2025-02-16 at 20:20: | INFO | Страница по адресу https://www.52shuku.vip/yanqing/am/h2QX_160.html доступна
2025-02-16 at 20:20: | INFO | Страница по адресу https://www.52shuku.vip/yanqing/am/h2QX_161.html доступна
2025-02-16 at 20:20: | INFO | Страница по адресу https://www.52shuku.vip/yanqing/am/h2QX_162.html доступна
2025-02-16 at 20:20: | INFO | Страница по адресу https://www.52shuku.vip/yanqing/am/h2QX_163.html доступна
2025-02-16 at 20:20: | INFO | Страница по адресу https://www.52shuku.vip/yanqing/am/h2QX_164.html доступна
2025-02-16 at 20:20: | INFO | Страница по адресу https://www.52shuku.vip/yanqing/am/h2QX_165.html доступна
2025-02-16 at 20:20: | INFO | Страница по адресу https://www.52shuku.vip/yanqing/am/h2QX_166.html доступна
2025-02-16 at 20:20: | INFO | Страница по адресу https://www.52shuku.vip/yanqing/am/h2QX_167.html доступна
2025-02-16 at 20:20: | INFO | Страница по адресу https://www.52shuku.vip/yanqing/am/h2QX_168.html доступна
2025-02-16 at 20:20: | INFO | Страница по адресу https://www.52shuku.vip/yanqing/am/h2QX_169.html доступна
2025-02-16 at 20:20: | INFO | Страница по адресу https://www.52shuku.vip/yanqing/am/h2QX_170.html доступна
2025-02-16 at 20:20: | INFO | Страница по адресу https://www.52shuku.vip/yanqing/am/h2QX_171.html доступна
2025-02-16 at 20:20: | INFO | Страница по адресу https://www.52shuku.vip/yanqing/am/h2QX_172.html доступна
2025-02-16 at 20:20: | INFO | Страница по адресу https://www.52shuku.vip/yanqing/am/h2QX_173.html доступна
2025-02-16 at 20:20: | INFO | Страница по адресу https://www.52shuku.vip/yanqing/am/h2QX_174.html доступна
2025-02-16 at 20:20: | INFO | Страница по адресу https://www.52shuku.vip/yanqing/am/h2QX_175.html доступна
2025-02-16 at 20:20: | INFO | Страница по адресу https://www.52shuku.vip/yanqing/am/h2QX_176.html доступна
2025-02-16 at 20:20: | INFO | Страница по адресу https://www.52shuku.vip/yanqing/am/h2QX_177.html доступна
2025-02-16 at 20:20: | INFO | Страница по адресу https://www.52shuku.vip/yanqing/am/h2QX_178.html доступна
2025-02-16 at 20:20: | INFO | Страница по адресу https://www.52shuku.vip/yanqing/am/h2QX_179.html доступна
2025-02-16 at 20:20: | INFO | Страница по адресу https://www.52shuku.vip/yanqing/am/h2QX_180.html доступна
2025-02-16 at 20:20: | INFO | Страница по адресу https://www.52shuku.vip/yanqing/am/h2QX_181.html доступна
2025-02-16 at 20:20: | INFO | Страница по адресу https://www.52shuku.vip/yanqing/am/h2QX_182.html доступна
2025-02-16 at 20:20: | INFO | Страница по адресу https://www.52shuku.vip/yanqing/am/h2QX_183.html доступна
2025-02-16 at 20:20: | INFO | Страница по адресу https://www.52shuku.vip/yanqing/am/h2QX_184.html доступна
2025-02-16 at 20:20: | INFO | Страница по адресу https://www.52shuku.vip/yanqing/am/h2QX_185.html доступна
2025-02-16 at 20:20: | INFO | Страница по адресу https://www.52shuku.vip/yanqing/am/h2QX_186.html доступна
2025-02-16 at 20:20: | INFO | Страница по адресу https://www.52shuku.vip/yanqing/am/h2QX_187.html доступна
2025-02-16 at 20:20: | INFO | Страница по адресу https://www.52shuku.vip/yanqing/am/h2QX_188.html доступна
2025-02-16 at 20:20: | INFO | Страница по адресу https://www.52shuku.vip/yanqing/am/h2QX_189.html доступна
2025-02-16 at 20:20: | INFO | Страница по адресу https://www.52shuku.vip/yanqing/am/h2QX_190.html доступна
2025-02-16 at 20:20: | INFO | Страница по адресу https://www.52shuku.vip/yanqing/am/h2QX_191.html доступна
2025-02-16 at 20:20: | INFO | Страница по адресу https://www.52shuku.vip/yanqing/am/h2QX_192.html доступна
2025-02-16 at 20:20: | INFO | Страница по адресу https://www.52shuku.vip/yanqing/am/h2QX_193.html доступна
2025-02-16 at 20:20: | INFO | Страница по адресу https://www.52shuku.vip/yanqing/am/h2QX_194.html доступна
2025-02-16 at 20:20: | INFO | Страница по адресу https://www.52shuku.vip/yanqing/am/h2QX_195.html доступна
2025-02-16 at 20:20: | INFO | Страница по адресу https://www.52shuku.vip/yanqing/am/h2QX_196.html доступна
2025-02-16 at 20:20: | INFO | Страница по адресу https://www.52shuku.vip/yanqing/am/h2QX_197.html доступна
2025-02-16 at 20:20: | INFO | Страница по адресу https://www.52shuku.vip/yanqing/am/h2QX_198.html доступна
2025-02-16 at 20:20: | INFO | Страница по адресу https://www.52shuku.vip/yanqing/am/h2QX_199.html доступна
2025-02-16 at 20:20: | INFO | Страница по адресу https://www.52shuku.vip/yanqing/am/h2QX_200.html доступна
2025-02-16 at 20:20: | INFO | Страница по адресу https://www.52shuku.vip/yanqing/am/h2QX_201.html доступна
2025-02-16 at 20:20: | INFO | Страница по адресу https://www.52shuku.vip/yanqing/am/h2QX_202.html доступна
2025-02-16 at 20:20: | INFO | Страница по адресу https://www.52shuku.vip/yanqing/am/h2QX_203.html доступна
2025-02-16 at 20:20: | INFO | Страница по адресу https://www.52shuku.vip/yanqing/am/h2QX_204.html доступна
2025-02-16 at 20:20: | INFO | Страница по адресу https://www.52shuku.vip/yanqing/am/h2QX_205.html доступна
2025-02-16 at 20:20: | INFO | Страница по адресу https://www.52shuku.vip/yanqing/am/h2QX_206.html доступна
2025-02-16 at 20:20: | INFO | Страница по адресу https://www.52shuku.vip/yanqing/am/h2QX_207.html доступна
2025-02-16 at 20:20: | INFO | Страница по адресу https://www.52shuku.vip/yanqing/am/h2QX_208.html доступна
2025-02-16 at 20:20: | INFO | Страница по адресу https://www.52shuku.vip/yanqing/am/h2QX_209.html доступна
2025-02-16 at 20:20: | INFO | Страница по адресу https://www.52shuku.vip/yanqing/am/h2QX_210.html доступна
2025-02-16 at 20:20: | INFO | Страница по адресу https://www.52shuku.vip/yanqing/am/h2QX_211.html доступна
2025-02-16 at 20:20: | INFO | Страница по адресу https://www.52shuku.vip/yanqing/am/h2QX_212.html доступна
2025-02-16 at 20:20: | INFO | Страница по адресу https://www.52shuku.vip/yanqing/am/h2QX_213.html доступна
2025-02-16 at 20:20: | INFO | Страница по адресу https://www.52shuku.vip/yanqing/am/h2QX_214.html доступна
2025-02-16 at 20:20: | INFO | Страница по адресу https://www.52shuku.vip/yanqing/am/h2QX_215.html доступна
2025-02-16 at 20:20: | INFO | Страница по адресу https://www.52shuku.vip/yanqing/am/h2QX_216.html доступна
2025-02-16 at 20:20: | INFO | Страница по адресу https://www.52shuku.vip/yanqing/am/h2QX_217.html доступна
2025-02-16 at 20:20: | INFO | Страница по адресу https://www.52shuku.vip/yanqing/am/h2QX_218.html доступна
2025-02-16 at 20:20: | INFO | Страница по адресу https://www.52shuku.vip/yanqing/am/h2QX_219.html доступна
2025-02-16 at 20:20: | INFO | Страница по адресу https://www.52shuku.vip/yanqing/am/h2QX_220.html доступна
2025-02-16 at 20:20: | INFO | Страница по адресу https://www.52shuku.vip/yanqing/am/h2QX_221.html доступна
2025-02-16 at 20:20: | INFO | Страница по адресу https://www.52shuku.vip/yanqing/am/h2QX_222.html доступна
2025-02-16 at 20:20: | INFO | Все тексты новеллы test собранны
2025-02-16 at 20:20: | INFO | Главы новеллы записаны в файл test.json
